{"numTotalTestSuites":380,"numPassedTestSuites":354,"numFailedTestSuites":26,"numPendingTestSuites":0,"numTotalTests":797,"numPassedTests":778,"numFailedTests":16,"numPendingTests":3,"numTodoTests":0,"snapshot":{"added":0,"failure":false,"filesAdded":0,"filesRemoved":0,"filesRemovedList":[],"filesUnmatched":0,"filesUpdated":0,"matched":0,"total":0,"unchecked":0,"uncheckedKeysByFile":[],"unmatched":0,"updated":0,"didUpdate":false},"startTime":1760729778829,"success":false,"testResults":[{"assertionResults":[{"ancestorTitles":["Accessibility Commands","--a11y:announce command"],"fullName":"Accessibility Commands --a11y:announce command should announce text to screen readers","status":"passed","title":"should announce text to screen readers","duration":200.23780000000033,"failureMessages":[],"meta":{}},{"ancestorTitles":["Accessibility Commands","--a11y:announce command"],"fullName":"Accessibility Commands --a11y:announce command should use assertive priority when specified","status":"passed","title":"should use assertive priority when specified","duration":171.44790000000012,"failureMessages":[],"meta":{}},{"ancestorTitles":["Accessibility Commands","--a11y:announce command"],"fullName":"Accessibility Commands --a11y:announce command should throw error for missing text","status":"passed","title":"should throw error for missing text","duration":25.310899999999947,"failureMessages":[],"meta":{}},{"ancestorTitles":["Accessibility Commands","--a11y:focus command"],"fullName":"Accessibility Commands --a11y:focus command should focus target element","status":"passed","title":"should focus target element","duration":366.2017000000001,"failureMessages":[],"meta":{}},{"ancestorTitles":["Accessibility Commands","--a11y:focus command"],"fullName":"Accessibility Commands --a11y:focus command should throw error for missing targets","status":"passed","title":"should throw error for missing targets","duration":6.8595000000000255,"failureMessages":[],"meta":{}},{"ancestorTitles":["Accessibility Commands","--a11y:skip-to command"],"fullName":"Accessibility Commands --a11y:skip-to command should focus element by ID","status":"passed","title":"should focus element by ID","duration":365.2653,"failureMessages":[],"meta":{}},{"ancestorTitles":["Accessibility Commands","--a11y:skip-to command"],"fullName":"Accessibility Commands --a11y:skip-to command should throw error for non-existent element","status":"passed","title":"should throw error for non-existent element","duration":5.94190000000026,"failureMessages":[],"meta":{}},{"ancestorTitles":["Accessibility Commands","--a11y:focus-trap command"],"fullName":"Accessibility Commands --a11y:focus-trap command should enable focus trap","status":"passed","title":"should enable focus trap","duration":27.523299999999836,"failureMessages":[],"meta":{}},{"ancestorTitles":["Accessibility Commands","--a11y:focus-trap command"],"fullName":"Accessibility Commands --a11y:focus-trap command should disable focus trap","status":"passed","title":"should disable focus trap","duration":15.673499999999876,"failureMessages":[],"meta":{}},{"ancestorTitles":["Accessibility Commands","--a11y:focus-trap command"],"fullName":"Accessibility Commands --a11y:focus-trap command should throw error for invalid action","status":"passed","title":"should throw error for invalid action","duration":15.185899999999947,"failureMessages":[],"meta":{}},{"ancestorTitles":["Accessibility Commands","--a11y:aria:set command"],"fullName":"Accessibility Commands --a11y:aria:set command should set ARIA attributes","status":"passed","title":"should set ARIA attributes","duration":6.665100000000166,"failureMessages":[],"meta":{}},{"ancestorTitles":["Accessibility Commands","--a11y:aria:set command"],"fullName":"Accessibility Commands --a11y:aria:set command should throw error for invalid format","status":"passed","title":"should throw error for invalid format","duration":5.998000000000047,"failureMessages":[],"meta":{}},{"ancestorTitles":["Accessibility Commands","--a11y:aria:remove command"],"fullName":"Accessibility Commands --a11y:aria:remove command should remove ARIA attributes","status":"passed","title":"should remove ARIA attributes","duration":16.534000000000106,"failureMessages":[],"meta":{}},{"ancestorTitles":["Accessibility Commands","--a11y:heading-level command"],"fullName":"Accessibility Commands --a11y:heading-level command should change heading level by changing tag","status":"passed","title":"should change heading level by changing tag","duration":21.767699999999877,"failureMessages":[],"meta":{}},{"ancestorTitles":["Accessibility Commands","--a11y:heading-level command"],"fullName":"Accessibility Commands --a11y:heading-level command should set aria-level for non-heading elements","status":"passed","title":"should set aria-level for non-heading elements","duration":5.488499999999931,"failureMessages":[],"meta":{}},{"ancestorTitles":["Accessibility Commands","--a11y:heading-level command"],"fullName":"Accessibility Commands --a11y:heading-level command should throw error for invalid level","status":"passed","title":"should throw error for invalid level","duration":5.499699999999848,"failureMessages":[],"meta":{}}],"startTime":1760729786823,"endTime":1760729788086.4998,"status":"passed","message":"","name":"C:/Users/Patrick/invokers/test/accessibility-commands.test.ts"},{"assertionResults":[{"ancestorTitles":["Advanced Events Toast Notification"],"fullName":"Advanced Events Toast Notification should display toast with interpolated message after form submission","status":"passed","title":"should display toast with interpolated message after form submission","duration":147.52549999999974,"failureMessages":[],"meta":{}},{"ancestorTitles":["Advanced Events Toast Notification"],"fullName":"Advanced Events Toast Notification should handle emit command correctly","status":"passed","title":"should handle emit command correctly","duration":130.8690999999999,"failureMessages":[],"meta":{}},{"ancestorTitles":["Advanced Events Toast Notification"],"fullName":"Advanced Events Toast Notification should interpolate detail.message correctly","status":"passed","title":"should interpolate detail.message correctly","duration":18.738400000000183,"failureMessages":[],"meta":{}}],"startTime":1760729787926,"endTime":1760729788222.7383,"status":"passed","message":"","name":"C:/Users/Patrick/invokers/test/advanced-events-toast.test.ts"},{"assertionResults":[{"ancestorTitles":["Advanced Events","enableAdvancedEvents()"],"fullName":"Advanced Events enableAdvancedEvents() should enable interpolation in InvokerManager","status":"passed","title":"should enable interpolation in InvokerManager","duration":37.7203999999997,"failureMessages":[],"meta":{}},{"ancestorTitles":["Advanced Events","enableAdvancedEvents()"],"fullName":"Advanced Events enableAdvancedEvents() should register interpolation utility on window","status":"passed","title":"should register interpolation utility on window","duration":12.95640000000003,"failureMessages":[],"meta":{}},{"ancestorTitles":["Advanced Events","command-on attribute"],"fullName":"Advanced Events command-on attribute should trigger command on click event","status":"passed","title":"should trigger command on click event","duration":34.18319999999994,"failureMessages":[],"meta":{}},{"ancestorTitles":["Advanced Events","command-on attribute"],"fullName":"Advanced Events command-on attribute should interpolate dynamic data","status":"passed","title":"should interpolate dynamic data","duration":19.365299999999934,"failureMessages":[],"meta":{}},{"ancestorTitles":["Advanced Events","command-on attribute"],"fullName":"Advanced Events command-on attribute should handle event modifiers","status":"passed","title":"should handle event modifiers","duration":16.05769999999984,"failureMessages":[],"meta":{}},{"ancestorTitles":["Advanced Events","data-on-event attribute"],"fullName":"Advanced Events data-on-event attribute should listen for custom events","status":"passed","title":"should listen for custom events","duration":12.57510000000002,"failureMessages":[],"meta":{}},{"ancestorTitles":["Advanced Events","data-on-event attribute"],"fullName":"Advanced Events data-on-event attribute should interpolate event detail data","status":"passed","title":"should interpolate event detail data","duration":24.703999999999724,"failureMessages":[],"meta":{}},{"ancestorTitles":["Advanced Events","interpolation"],"fullName":"Advanced Events interpolation should safely interpolate context variables","status":"passed","title":"should safely interpolate context variables","duration":12.547399999999925,"failureMessages":[],"meta":{}},{"ancestorTitles":["Advanced Events","interpolation"],"fullName":"Advanced Events interpolation should handle undefined/null values safely","status":"passed","title":"should handle undefined/null values safely","duration":9.885400000000118,"failureMessages":[],"meta":{}},{"ancestorTitles":["Advanced Events","interpolation"],"fullName":"Advanced Events interpolation should handle nested object access","status":"passed","title":"should handle nested object access","duration":9.170799999999872,"failureMessages":[],"meta":{}},{"ancestorTitles":["Advanced Events","interpolation"],"fullName":"Advanced Events interpolation should interpolate templates in --dom:swap command","status":"passed","title":"should interpolate templates in --dom:swap command","duration":39.50440000000026,"failureMessages":[],"meta":{}},{"ancestorTitles":["Advanced Events","--emit command"],"fullName":"Advanced Events --emit command should emit custom events with JSON detail and update target via commandfor","status":"passed","title":"should emit custom events with JSON detail and update target via commandfor","duration":19.729499999999916,"failureMessages":[],"meta":{}},{"ancestorTitles":["Advanced Events","tree-shaking"],"fullName":"Advanced Events tree-shaking should not include advanced event code when enableAdvancedEvents is not called","status":"passed","title":"should not include advanced event code when enableAdvancedEvents is not called","duration":11.81230000000005,"failureMessages":[],"meta":{}}],"startTime":1760729787221,"endTime":1760729787482.8123,"status":"passed","message":"","name":"C:/Users/Patrick/invokers/test/advanced-events.test.ts"},{"assertionResults":[{"ancestorTitles":["Advanced Integration Commands (--text, --attr, --dom)","Basic Command Integration"],"fullName":"Advanced Integration Commands (--text, --attr, --dom) Basic Command Integration should combine --value and --attr commands for form state management","status":"passed","title":"should combine --value and --attr commands for form state management","duration":44.403899999999794,"failureMessages":[],"meta":{}},{"ancestorTitles":["Advanced Integration Commands (--text, --attr, --dom)","Basic Command Integration"],"fullName":"Advanced Integration Commands (--text, --attr, --dom) Basic Command Integration should use --dom commands for basic element manipulation","status":"passed","title":"should use --dom commands for basic element manipulation","duration":58.147899999999936,"failureMessages":[],"meta":{}},{"ancestorTitles":["Advanced Integration Commands (--text, --attr, --dom)","Command Chaining and State Management"],"fullName":"Advanced Integration Commands (--text, --attr, --dom) Command Chaining and State Management should demonstrate command chaining with <and-then> elements","status":"passed","title":"should demonstrate command chaining with <and-then> elements","duration":17.88590000000022,"failureMessages":[],"meta":{}},{"ancestorTitles":["Advanced Integration Commands (--text, --attr, --dom)","Command Chaining and State Management"],"fullName":"Advanced Integration Commands (--text, --attr, --dom) Command Chaining and State Management should handle conditional command execution","status":"passed","title":"should handle conditional command execution","duration":17.713000000000193,"failureMessages":[],"meta":{}},{"ancestorTitles":["Advanced Integration Commands (--text, --attr, --dom)","Template-based Content Management"],"fullName":"Advanced Integration Commands (--text, --attr, --dom) Template-based Content Management should work with simple templates for content creation","status":"passed","title":"should work with simple templates for content creation","duration":93.01419999999962,"failureMessages":[],"meta":{}},{"ancestorTitles":["Advanced Integration Commands (--text, --attr, --dom)","Template-based Content Management"],"fullName":"Advanced Integration Commands (--text, --attr, --dom) Template-based Content Management should handle multiple template instances with unique IDs","status":"passed","title":"should handle multiple template instances with unique IDs","duration":53.90279999999984,"failureMessages":[],"meta":{}},{"ancestorTitles":["Advanced Integration Commands (--text, --attr, --dom)","Error Handling and Edge Cases"],"fullName":"Advanced Integration Commands (--text, --attr, --dom) Error Handling and Edge Cases should handle missing targets gracefully","status":"passed","title":"should handle missing targets gracefully","duration":20.247499999999945,"failureMessages":[],"meta":{}},{"ancestorTitles":["Advanced Integration Commands (--text, --attr, --dom)","Error Handling and Edge Cases"],"fullName":"Advanced Integration Commands (--text, --attr, --dom) Error Handling and Edge Cases should handle invalid command parameters","status":"passed","title":"should handle invalid command parameters","duration":7.0304000000001,"failureMessages":[],"meta":{}},{"ancestorTitles":["Advanced Integration Commands (--text, --attr, --dom)","Error Handling and Edge Cases"],"fullName":"Advanced Integration Commands (--text, --attr, --dom) Error Handling and Edge Cases should work with multiple targets","status":"passed","title":"should work with multiple targets","duration":19.062999999999647,"failureMessages":[],"meta":{}},{"ancestorTitles":["Advanced Integration Commands (--text, --attr, --dom)","Dynamic Values and Interpolation"],"fullName":"Advanced Integration Commands (--text, --attr, --dom) Dynamic Values and Interpolation should use dynamic values from invoker data attributes","status":"passed","title":"should use dynamic values from invoker data attributes","duration":23.813600000000406,"failureMessages":[],"meta":{}},{"ancestorTitles":["Advanced Integration Commands (--text, --attr, --dom)","Dynamic Values and Interpolation"],"fullName":"Advanced Integration Commands (--text, --attr, --dom) Dynamic Values and Interpolation should interpolate values from data attributes","status":"passed","title":"should interpolate values from data attributes","duration":16.7817,"failureMessages":[],"meta":{}},{"ancestorTitles":["Advanced Integration Commands (--text, --attr, --dom)","Dynamic Values and Interpolation"],"fullName":"Advanced Integration Commands (--text, --attr, --dom) Dynamic Values and Interpolation should use data-context for complex interpolation","status":"passed","title":"should use data-context for complex interpolation","duration":12.39930000000004,"failureMessages":[],"meta":{}},{"ancestorTitles":["Advanced Integration Commands (--text, --attr, --dom)","Dynamic Values and Interpolation"],"fullName":"Advanced Integration Commands (--text, --attr, --dom) Dynamic Values and Interpolation should support event detail interpolation (requires full event system)","status":"passed","title":"should support event detail interpolation (requires full event system)","duration":11.057000000000244,"failureMessages":[],"meta":{}},{"ancestorTitles":["Advanced Integration Commands (--text, --attr, --dom)","Advanced Selectors"],"fullName":"Advanced Integration Commands (--text, --attr, --dom) Advanced Selectors should work with @closest selector","status":"passed","title":"should work with @closest selector","duration":7.843499999999949,"failureMessages":[],"meta":{}},{"ancestorTitles":["Advanced Integration Commands (--text, --attr, --dom)","Advanced Selectors"],"fullName":"Advanced Integration Commands (--text, --attr, --dom) Advanced Selectors should work with @child selector","status":"passed","title":"should work with @child selector","duration":10.118399999999838,"failureMessages":[],"meta":{}},{"ancestorTitles":["Advanced Integration Commands (--text, --attr, --dom)","Advanced Selectors"],"fullName":"Advanced Integration Commands (--text, --attr, --dom) Advanced Selectors should work with @children selector for multiple targets","status":"passed","title":"should work with @children selector for multiple targets","duration":20.297999999999774,"failureMessages":[],"meta":{}},{"ancestorTitles":["Advanced Integration Commands (--text, --attr, --dom)","Advanced Selectors"],"fullName":"Advanced Integration Commands (--text, --attr, --dom) Advanced Selectors should work with dynamic CSS selectors","status":"passed","title":"should work with dynamic CSS selectors","duration":16.99519999999984,"failureMessages":[],"meta":{}},{"ancestorTitles":["Advanced Integration Commands (--text, --attr, --dom)","Complex Integration Scenarios"],"fullName":"Advanced Integration Commands (--text, --attr, --dom) Complex Integration Scenarios should combine interpolation and dynamic selectors","status":"passed","title":"should combine interpolation and dynamic selectors","duration":31.66150000000016,"failureMessages":[],"meta":{}},{"ancestorTitles":["Advanced Integration Commands (--text, --attr, --dom)","Complex Integration Scenarios"],"fullName":"Advanced Integration Commands (--text, --attr, --dom) Complex Integration Scenarios should handle template processing with data","status":"passed","title":"should handle template processing with data","duration":15.005299999999806,"failureMessages":[],"meta":{}},{"ancestorTitles":["Advanced Integration Commands (--text, --attr, --dom)","URL Navigation Integration","Hash Navigation"],"fullName":"Advanced Integration Commands (--text, --attr, --dom) URL Navigation Integration Hash Navigation should set hash to static value","status":"passed","title":"should set hash to static value","duration":19.695600000000013,"failureMessages":[],"meta":{}},{"ancestorTitles":["Advanced Integration Commands (--text, --attr, --dom)","URL Navigation Integration","Hash Navigation"],"fullName":"Advanced Integration Commands (--text, --attr, --dom) URL Navigation Integration Hash Navigation should set hash from input element","status":"passed","title":"should set hash from input element","duration":7.863399999999729,"failureMessages":[],"meta":{}},{"ancestorTitles":["Advanced Integration Commands (--text, --attr, --dom)","URL Navigation Integration","Hash Navigation"],"fullName":"Advanced Integration Commands (--text, --attr, --dom) URL Navigation Integration Hash Navigation should get current hash and display it","status":"passed","title":"should get current hash and display it","duration":4.639300000000276,"failureMessages":[],"meta":{}},{"ancestorTitles":["Advanced Integration Commands (--text, --attr, --dom)","URL Navigation Integration","Hash Navigation"],"fullName":"Advanced Integration Commands (--text, --attr, --dom) URL Navigation Integration Hash Navigation should clear hash","status":"passed","title":"should clear hash","duration":5.289099999999962,"failureMessages":[],"meta":{}},{"ancestorTitles":["Advanced Integration Commands (--text, --attr, --dom)","URL Navigation Integration","Hash Navigation"],"fullName":"Advanced Integration Commands (--text, --attr, --dom) URL Navigation Integration Hash Navigation should handle hash with # prefix","status":"passed","title":"should handle hash with # prefix","duration":5.266200000000026,"failureMessages":[],"meta":{}},{"ancestorTitles":["Advanced Integration Commands (--text, --attr, --dom)","URL Navigation Integration","Pathname Navigation"],"fullName":"Advanced Integration Commands (--text, --attr, --dom) URL Navigation Integration Pathname Navigation should set pathname to static value","status":"passed","title":"should set pathname to static value","duration":10.926400000000285,"failureMessages":[],"meta":{}},{"ancestorTitles":["Advanced Integration Commands (--text, --attr, --dom)","URL Navigation Integration","Pathname Navigation"],"fullName":"Advanced Integration Commands (--text, --attr, --dom) URL Navigation Integration Pathname Navigation should set pathname from input element","status":"passed","title":"should set pathname from input element","duration":6.331100000000333,"failureMessages":[],"meta":{}},{"ancestorTitles":["Advanced Integration Commands (--text, --attr, --dom)","URL Navigation Integration","Pathname Navigation"],"fullName":"Advanced Integration Commands (--text, --attr, --dom) URL Navigation Integration Pathname Navigation should get current pathname and display it","status":"passed","title":"should get current pathname and display it","duration":5.511300000000119,"failureMessages":[],"meta":{}},{"ancestorTitles":["Advanced Integration Commands (--text, --attr, --dom)","URL Navigation Integration","Pathname Navigation"],"fullName":"Advanced Integration Commands (--text, --attr, --dom) URL Navigation Integration Pathname Navigation should handle pathname without leading slash","status":"passed","title":"should handle pathname without leading slash","duration":5.91780000000017,"failureMessages":[],"meta":{}},{"ancestorTitles":["Advanced Integration Commands (--text, --attr, --dom)","URL Navigation Integration","Complete Hash Navigation Demo"],"fullName":"Advanced Integration Commands (--text, --attr, --dom) URL Navigation Integration Complete Hash Navigation Demo should replicate the hash navigation demo functionality","status":"passed","title":"should replicate the hash navigation demo functionality","duration":11.027000000000044,"failureMessages":[],"meta":{}},{"ancestorTitles":["Advanced Integration Commands (--text, --attr, --dom)","URL Navigation Integration","Complete Pathname Navigation Demo"],"fullName":"Advanced Integration Commands (--text, --attr, --dom) URL Navigation Integration Complete Pathname Navigation Demo should replicate the pathname navigation demo functionality","status":"passed","title":"should replicate the pathname navigation demo functionality","duration":11.193299999999908,"failureMessages":[],"meta":{}},{"ancestorTitles":["Advanced Integration Commands (--text, --attr, --dom)","New DOM Integration Commands","--dom:swap-visual command"],"fullName":"Advanced Integration Commands (--text, --attr, --dom) New DOM Integration Commands --dom:swap-visual command should visually swap two elements with animation","status":"passed","title":"should visually swap two elements with animation","duration":7.720299999999952,"failureMessages":[],"meta":{}},{"ancestorTitles":["Advanced Integration Commands (--text, --attr, --dom)","New DOM Integration Commands","--dom:swap-visual command"],"fullName":"Advanced Integration Commands (--text, --attr, --dom) New DOM Integration Commands --dom:swap-visual command should not swap when data-swap-with is missing","status":"passed","title":"should not swap when data-swap-with is missing","duration":7.037699999999859,"failureMessages":[],"meta":{}},{"ancestorTitles":["Advanced Integration Commands (--text, --attr, --dom)","New DOM Integration Commands","--dom:swap-visual command"],"fullName":"Advanced Integration Commands (--text, --attr, --dom) New DOM Integration Commands --dom:swap-visual command should not swap when swap target does not exist","status":"passed","title":"should not swap when swap target does not exist","duration":6.272399999999834,"failureMessages":[],"meta":{}},{"ancestorTitles":["Advanced Integration Commands (--text, --attr, --dom)","New DOM Integration Commands","--dom:update-keyed command"],"fullName":"Advanced Integration Commands (--text, --attr, --dom) New DOM Integration Commands --dom:update-keyed command should update list with keyed updates","status":"passed","title":"should update list with keyed updates","duration":20.292599999999766,"failureMessages":[],"meta":{}},{"ancestorTitles":["Advanced Integration Commands (--text, --attr, --dom)","New DOM Integration Commands","--dom:update-keyed command"],"fullName":"Advanced Integration Commands (--text, --attr, --dom) New DOM Integration Commands --dom:update-keyed command should not update when template is missing","status":"passed","title":"should not update when template is missing","duration":5.612999999999829,"failureMessages":[],"meta":{}},{"ancestorTitles":["Advanced Integration Commands (--text, --attr, --dom)","New DOM Integration Commands","--dom:update-keyed command"],"fullName":"Advanced Integration Commands (--text, --attr, --dom) New DOM Integration Commands --dom:update-keyed command should not update when data source is missing","status":"passed","title":"should not update when data source is missing","duration":5.453100000000177,"failureMessages":[],"meta":{}},{"ancestorTitles":["Advanced Integration Commands (--text, --attr, --dom)","New DOM Integration Commands","--dom:update-keyed command"],"fullName":"Advanced Integration Commands (--text, --attr, --dom) New DOM Integration Commands --dom:update-keyed command should handle empty data array","status":"passed","title":"should handle empty data array","duration":4.77559999999994,"failureMessages":[],"meta":{}}],"startTime":1760729781718,"endTime":1760729782369.7756,"status":"passed","message":"","name":"C:/Users/Patrick/invokers/test/advanced-integration-commands.test.ts"},{"assertionResults":[{"ancestorTitles":["Advanced Templating","Template Processing"],"fullName":"Advanced Templating Template Processing should inject data into template using data-with-json and data-tpl-* attributes","status":"passed","title":"should inject data into template using data-with-json and data-tpl-* attributes","duration":148.58209999999963,"failureMessages":[],"meta":{}},{"ancestorTitles":["Advanced Templating","Template Processing"],"fullName":"Advanced Templating Template Processing should handle {{__uid}} placeholder for unique IDs","status":"passed","title":"should handle {{__uid}} placeholder for unique IDs","duration":119.56500000000005,"failureMessages":[],"meta":{}},{"ancestorTitles":["Advanced Templating","Template Processing"],"fullName":"Advanced Templating Template Processing should interpolate values from invoker context","status":"passed","title":"should interpolate values from invoker context","duration":124.34699999999975,"failureMessages":[],"meta":{}},{"ancestorTitles":["Advanced Templating","Template Processing"],"fullName":"Advanced Templating Template Processing should rewrite @closest selectors to use generated IDs","status":"passed","title":"should rewrite @closest selectors to use generated IDs","duration":110.66629999999986,"failureMessages":[],"meta":{}},{"ancestorTitles":["Advanced Templating","Template Processing"],"fullName":"Advanced Templating Template Processing should handle multiple data-tpl-* attributes","status":"passed","title":"should handle multiple data-tpl-* attributes","duration":126.80450000000019,"failureMessages":[],"meta":{}},{"ancestorTitles":["Advanced Templating","Template Processing"],"fullName":"Advanced Templating Template Processing should gracefully handle invalid JSON in data-with-json","status":"passed","title":"should gracefully handle invalid JSON in data-with-json","duration":123.2485999999999,"failureMessages":[],"meta":{}},{"ancestorTitles":["Advanced Templating","Template Processing"],"fullName":"Advanced Templating Template Processing should work with different DOM commands (prepend, swap, replace)","status":"passed","title":"should work with different DOM commands (prepend, swap, replace)","duration":23.73189999999977,"failureMessages":[],"meta":{}},{"ancestorTitles":["Advanced Templating","Template Processing"],"fullName":"Advanced Templating Template Processing should process data-with-json even when interpolation is disabled","status":"passed","title":"should process data-with-json even when interpolation is disabled","duration":116.11099999999988,"failureMessages":[],"meta":{}}],"startTime":1760729787005,"endTime":1760729787898.111,"status":"passed","message":"","name":"C:/Users/Patrick/invokers/test/advanced-templating.test.ts"},{"assertionResults":[{"ancestorTitles":["Simple And-Then Elements"],"fullName":"Simple And-Then Elements should execute and-then element after primary command","status":"passed","title":"should execute and-then element after primary command","duration":15.591899999999896,"failureMessages":[],"meta":{}},{"ancestorTitles":["Simple And-Then Elements"],"fullName":"Simple And-Then Elements should handle delay in and-then elements","status":"passed","title":"should handle delay in and-then elements","duration":59.622699999999895,"failureMessages":[],"meta":{}},{"ancestorTitles":["Simple And-Then Elements"],"fullName":"Simple And-Then Elements should remove once elements after execution","status":"passed","title":"should remove once elements after execution","duration":7.427400000000034,"failureMessages":[],"meta":{}}],"startTime":1760729789983,"endTime":1760729790065.4275,"status":"passed","message":"","name":"C:/Users/Patrick/invokers/test/and-then-simple.test.ts"},{"assertionResults":[{"ancestorTitles":["Attribute and Data Commands with Interpolation","Attribute Commands with Interpolation"],"fullName":"Attribute and Data Commands with Interpolation Attribute Commands with Interpolation should interpolate expressions in attr:set values","status":"passed","title":"should interpolate expressions in attr:set values","duration":22.47250000000031,"failureMessages":[],"meta":{}},{"ancestorTitles":["Attribute and Data Commands with Interpolation","Attribute Commands with Interpolation"],"fullName":"Attribute and Data Commands with Interpolation Attribute Commands with Interpolation should interpolate complex expressions in attr:set","status":"passed","title":"should interpolate complex expressions in attr:set","duration":9.446199999999862,"failureMessages":[],"meta":{}},{"ancestorTitles":["Attribute and Data Commands with Interpolation","Attribute Commands with Interpolation"],"fullName":"Attribute and Data Commands with Interpolation Attribute Commands with Interpolation should interpolate with this.dataset in attr:set","status":"passed","title":"should interpolate with this.dataset in attr:set","duration":6.548999999999978,"failureMessages":[],"meta":{}},{"ancestorTitles":["Attribute and Data Commands with Interpolation","Attribute Commands with Interpolation"],"fullName":"Attribute and Data Commands with Interpolation Attribute Commands with Interpolation should handle escaping in attr:set values","status":"passed","title":"should handle escaping in attr:set values","duration":2.80600000000004,"failureMessages":[],"meta":{}},{"ancestorTitles":["Attribute and Data Commands with Interpolation","Attribute Commands with Interpolation"],"fullName":"Attribute and Data Commands with Interpolation Attribute Commands with Interpolation should interpolate in attr:toggle values","status":"passed","title":"should interpolate in attr:toggle values","duration":4.086499999999887,"failureMessages":[],"meta":{}},{"ancestorTitles":["Attribute and Data Commands with Interpolation","Attribute Commands with Interpolation"],"fullName":"Attribute and Data Commands with Interpolation Attribute Commands with Interpolation should handle undefined interpolation gracefully","status":"passed","title":"should handle undefined interpolation gracefully","duration":2.2484999999996944,"failureMessages":[],"meta":{}},{"ancestorTitles":["Attribute and Data Commands with Interpolation","Data Commands with Interpolation"],"fullName":"Attribute and Data Commands with Interpolation Data Commands with Interpolation should interpolate expressions in data:set values","status":"passed","title":"should interpolate expressions in data:set values","duration":3.3926000000001295,"failureMessages":[],"meta":{}},{"ancestorTitles":["Attribute and Data Commands with Interpolation","Data Commands with Interpolation"],"fullName":"Attribute and Data Commands with Interpolation Data Commands with Interpolation should interpolate with this properties in data:set","status":"passed","title":"should interpolate with this properties in data:set","duration":5.098100000000159,"failureMessages":[],"meta":{}},{"ancestorTitles":["Attribute and Data Commands with Interpolation","Data Commands with Interpolation"],"fullName":"Attribute and Data Commands with Interpolation Data Commands with Interpolation should handle array operations with interpolation","status":"passed","title":"should handle array operations with interpolation","duration":5.065700000000106,"failureMessages":[],"meta":{}},{"ancestorTitles":["Attribute and Data Commands with Interpolation","Data Commands with Interpolation"],"fullName":"Attribute and Data Commands with Interpolation Data Commands with Interpolation should interpolate in data:set:array:update","status":"passed","title":"should interpolate in data:set:array:update","duration":4.434099999999944,"failureMessages":[],"meta":{}},{"ancestorTitles":["Attribute and Data Commands with Interpolation","Edge Cases and Escaping"],"fullName":"Attribute and Data Commands with Interpolation Edge Cases and Escaping should handle colons in interpolated strings","status":"passed","title":"should handle colons in interpolated strings","duration":3.147699999999986,"failureMessages":[],"meta":{}},{"ancestorTitles":["Attribute and Data Commands with Interpolation","Edge Cases and Escaping"],"fullName":"Attribute and Data Commands with Interpolation Edge Cases and Escaping should handle quotes in interpolated strings","status":"passed","title":"should handle quotes in interpolated strings","duration":3.242399999999634,"failureMessages":[],"meta":{}},{"ancestorTitles":["Attribute and Data Commands with Interpolation","Edge Cases and Escaping"],"fullName":"Attribute and Data Commands with Interpolation Edge Cases and Escaping should handle complex nested expressions","status":"passed","title":"should handle complex nested expressions","duration":3.5767000000000735,"failureMessages":[],"meta":{}},{"ancestorTitles":["Attribute and Data Commands with Interpolation","Edge Cases and Escaping"],"fullName":"Attribute and Data Commands with Interpolation Edge Cases and Escaping should handle empty interpolation results","status":"passed","title":"should handle empty interpolation results","duration":3.0095000000001164,"failureMessages":[],"meta":{}},{"ancestorTitles":["Attribute and Data Commands with Interpolation","Edge Cases and Escaping"],"fullName":"Attribute and Data Commands with Interpolation Edge Cases and Escaping should handle interpolation with special characters","status":"passed","title":"should handle interpolation with special characters","duration":2.393000000000029,"failureMessages":[],"meta":{}},{"ancestorTitles":["Attribute and Data Commands with Interpolation","Integration with Command Chaining"],"fullName":"Attribute and Data Commands with Interpolation Integration with Command Chaining should work with data-and-then chaining","status":"passed","title":"should work with data-and-then chaining","duration":385.24220000000014,"failureMessages":[],"meta":{}}],"startTime":1760729787448,"endTime":1760729787915.2422,"status":"passed","message":"","name":"C:/Users/Patrick/invokers/test/attribute-interpolation.test.ts"},{"assertionResults":[{"ancestorTitles":["JS Framework Benchmark Integration","Create 1,000 rows operation"],"fullName":"JS Framework Benchmark Integration Create 1,000 rows operation should create 1000 rows with random labels","status":"failed","title":"should create 1000 rows with random labels","duration":3306.5947,"failureMessages":["AssertionError: expected 3215.3771 to be less than 500\n    at C:\\Users\\Patrick\\invokers\\test\\benchmark-integration.test.ts:136:24\n    at file:///C:/Users/Patrick/invokers/node_modules/@vitest/runner/dist/index.js:533:5\n    at runTest (file:///C:/Users/Patrick/invokers/node_modules/@vitest/runner/dist/index.js:1056:11)\n    at runSuite (file:///C:/Users/Patrick/invokers/node_modules/@vitest/runner/dist/index.js:1205:15)\n    at runSuite (file:///C:/Users/Patrick/invokers/node_modules/@vitest/runner/dist/index.js:1205:15)\n    at runSuite (file:///C:/Users/Patrick/invokers/node_modules/@vitest/runner/dist/index.js:1205:15)\n    at runFiles (file:///C:/Users/Patrick/invokers/node_modules/@vitest/runner/dist/index.js:1262:5)\n    at startTests (file:///C:/Users/Patrick/invokers/node_modules/@vitest/runner/dist/index.js:1271:3)\n    at file:///C:/Users/Patrick/invokers/node_modules/vitest/dist/chunks/runBaseTests.3qpJUEJM.js:126:11\n    at withEnv (file:///C:/Users/Patrick/invokers/node_modules/vitest/dist/chunks/runBaseTests.3qpJUEJM.js:90:5)"],"meta":{}},{"ancestorTitles":["JS Framework Benchmark Integration","Create 10,000 rows operation"],"fullName":"JS Framework Benchmark Integration Create 10,000 rows operation should create 10000 rows with random labels","status":"skipped","title":"should create 10000 rows with random labels","failureMessages":[],"meta":{}},{"ancestorTitles":["JS Framework Benchmark Integration","Update every 10th row operation"],"fullName":"JS Framework Benchmark Integration Update every 10th row operation should append \"!!!\" to every 10th row label","status":"skipped","title":"should append \"!!!\" to every 10th row label","failureMessages":[],"meta":{}},{"ancestorTitles":["JS Framework Benchmark Integration","Swap rows operation"],"fullName":"JS Framework Benchmark Integration Swap rows operation should swap the first and last rows","status":"failed","title":"should swap the first and last rows","duration":860.2182000000003,"failureMessages":["AssertionError: expected 210.5542000000005 to be less than 50\n    at C:\\Users\\Patrick\\invokers\\test\\benchmark-integration.test.ts:322:24\n    at runNextTicks (node:internal/process/task_queues:65:5)\n    at processTimers (node:internal/timers:540:9)\n    at file:///C:/Users/Patrick/invokers/node_modules/@vitest/runner/dist/index.js:533:5\n    at runTest (file:///C:/Users/Patrick/invokers/node_modules/@vitest/runner/dist/index.js:1056:11)\n    at runSuite (file:///C:/Users/Patrick/invokers/node_modules/@vitest/runner/dist/index.js:1205:15)\n    at runSuite (file:///C:/Users/Patrick/invokers/node_modules/@vitest/runner/dist/index.js:1205:15)\n    at runSuite (file:///C:/Users/Patrick/invokers/node_modules/@vitest/runner/dist/index.js:1205:15)\n    at runFiles (file:///C:/Users/Patrick/invokers/node_modules/@vitest/runner/dist/index.js:1262:5)\n    at startTests (file:///C:/Users/Patrick/invokers/node_modules/@vitest/runner/dist/index.js:1271:3)"],"meta":{}},{"ancestorTitles":["JS Framework Benchmark Integration","Clear operation"],"fullName":"JS Framework Benchmark Integration Clear operation should clear all rows and reset DOM","status":"failed","title":"should clear all rows and reset DOM","duration":434.6207999999997,"failureMessages":["AssertionError: expected 124.13780000000042 to be less than 20\n    at C:\\Users\\Patrick\\invokers\\test\\benchmark-integration.test.ts:388:24\n    at file:///C:/Users/Patrick/invokers/node_modules/@vitest/runner/dist/index.js:533:5\n    at runTest (file:///C:/Users/Patrick/invokers/node_modules/@vitest/runner/dist/index.js:1056:11)\n    at runSuite (file:///C:/Users/Patrick/invokers/node_modules/@vitest/runner/dist/index.js:1205:15)\n    at runSuite (file:///C:/Users/Patrick/invokers/node_modules/@vitest/runner/dist/index.js:1205:15)\n    at runSuite (file:///C:/Users/Patrick/invokers/node_modules/@vitest/runner/dist/index.js:1205:15)\n    at runFiles (file:///C:/Users/Patrick/invokers/node_modules/@vitest/runner/dist/index.js:1262:5)\n    at startTests (file:///C:/Users/Patrick/invokers/node_modules/@vitest/runner/dist/index.js:1271:3)\n    at file:///C:/Users/Patrick/invokers/node_modules/vitest/dist/chunks/runBaseTests.3qpJUEJM.js:126:11\n    at withEnv (file:///C:/Users/Patrick/invokers/node_modules/vitest/dist/chunks/runBaseTests.3qpJUEJM.js:90:5)"],"meta":{}},{"ancestorTitles":["JS Framework Benchmark Integration","Append 1,000 rows operation"],"fullName":"JS Framework Benchmark Integration Append 1,000 rows operation should append 1000 more rows to existing data","status":"failed","title":"should append 1000 more rows to existing data","duration":1057.6946000000007,"failureMessages":["AssertionError: expected [ …(500) ] to have a length of 1500 but got 500\n    at Proxy.<anonymous> (file:///C:/Users/Patrick/invokers/node_modules/@vitest/expect/dist/index.js:1339:22)\n    at Proxy.<anonymous> (file:///C:/Users/Patrick/invokers/node_modules/@vitest/expect/dist/index.js:972:17)\n    at Proxy.methodWrapper (file:///C:/Users/Patrick/invokers/node_modules/chai/index.js:1686:25)\n    at C:\\Users\\Patrick\\invokers\\test\\benchmark-integration.test.ts:460:20\n    at file:///C:/Users/Patrick/invokers/node_modules/@vitest/runner/dist/index.js:533:5\n    at runTest (file:///C:/Users/Patrick/invokers/node_modules/@vitest/runner/dist/index.js:1056:11)\n    at runSuite (file:///C:/Users/Patrick/invokers/node_modules/@vitest/runner/dist/index.js:1205:15)\n    at runSuite (file:///C:/Users/Patrick/invokers/node_modules/@vitest/runner/dist/index.js:1205:15)\n    at runSuite (file:///C:/Users/Patrick/invokers/node_modules/@vitest/runner/dist/index.js:1205:15)\n    at runFiles (file:///C:/Users/Patrick/invokers/node_modules/@vitest/runner/dist/index.js:1262:5)"],"meta":{}},{"ancestorTitles":["JS Framework Benchmark Integration","Memory and performance monitoring"],"fullName":"JS Framework Benchmark Integration Memory and performance monitoring should not have memory leaks during operations","status":"passed","title":"should not have memory leaks during operations","duration":747.0322999999989,"failureMessages":[],"meta":{}}],"startTime":1760729781718,"endTime":1760729788125.0322,"status":"failed","message":"","name":"C:/Users/Patrick/invokers/test/benchmark-integration.test.ts"},{"assertionResults":[{"ancestorTitles":["Bind Command Demo Integration Tests","Basic Value Binding"],"fullName":"Bind Command Demo Integration Tests Basic Value Binding should bind input value to output element","status":"passed","title":"should bind input value to output element","duration":46.19920000000002,"failureMessages":[],"meta":{}},{"ancestorTitles":["Bind Command Demo Integration Tests","Basic Value Binding"],"fullName":"Bind Command Demo Integration Tests Basic Value Binding should update binding when input changes","status":"passed","title":"should update binding when input changes","duration":17.598500000000058,"failureMessages":[],"meta":{}},{"ancestorTitles":["Bind Command Demo Integration Tests","Different Property Types"],"fullName":"Bind Command Demo Integration Tests Different Property Types should bind text content","status":"passed","title":"should bind text content","duration":27.021000000000186,"failureMessages":[],"meta":{}},{"ancestorTitles":["Bind Command Demo Integration Tests","Different Property Types"],"fullName":"Bind Command Demo Integration Tests Different Property Types should bind HTML content with sanitization","status":"passed","title":"should bind HTML content with sanitization","duration":20.09920000000011,"failureMessages":[],"meta":{}},{"ancestorTitles":["Bind Command Demo Integration Tests","Attribute and Data Binding"],"fullName":"Bind Command Demo Integration Tests Attribute and Data Binding should bind to data attributes on body","status":"passed","title":"should bind to data attributes on body","duration":22.19439999999986,"failureMessages":[],"meta":{}},{"ancestorTitles":["Bind Command Demo Integration Tests","Attribute and Data Binding"],"fullName":"Bind Command Demo Integration Tests Attribute and Data Binding should add CSS classes dynamically","status":"passed","title":"should add CSS classes dynamically","duration":28.491500000000087,"failureMessages":[],"meta":{}},{"ancestorTitles":["Bind Command Demo Integration Tests","Attribute and Data Binding"],"fullName":"Bind Command Demo Integration Tests Attribute and Data Binding should remove CSS classes","status":"passed","title":"should remove CSS classes","duration":9.700199999999768,"failureMessages":[],"meta":{}},{"ancestorTitles":["Bind Command Demo Integration Tests","Advanced Selectors"],"fullName":"Bind Command Demo Integration Tests Advanced Selectors should bind to closest ancestor","status":"passed","title":"should bind to closest ancestor","duration":12.012099999999919,"failureMessages":[],"meta":{}},{"ancestorTitles":["Bind Command Demo Integration Tests","Advanced Selectors"],"fullName":"Bind Command Demo Integration Tests Advanced Selectors should bind to multiple targets","status":"passed","title":"should bind to multiple targets","duration":22.884299999999712,"failureMessages":[],"meta":{}},{"ancestorTitles":["Bind Command Demo Integration Tests","Command Chaining"],"fullName":"Bind Command Demo Integration Tests Command Chaining should chain bind with class toggle","status":"passed","title":"should chain bind with class toggle","duration":25.159799999999905,"failureMessages":[],"meta":{}},{"ancestorTitles":["Bind Command Demo Integration Tests","Real-World Edit-in-Place Pattern"],"fullName":"Bind Command Demo Integration Tests Real-World Edit-in-Place Pattern should switch to edit mode and populate form fields","status":"passed","title":"should switch to edit mode and populate form fields","duration":148.19140000000016,"failureMessages":[],"meta":{}},{"ancestorTitles":["Bind Command Demo Integration Tests","Real-World Edit-in-Place Pattern"],"fullName":"Bind Command Demo Integration Tests Real-World Edit-in-Place Pattern should save changes and switch back to view mode","status":"passed","title":"should save changes and switch back to view mode","duration":38.561499999999796,"failureMessages":[],"meta":{}},{"ancestorTitles":["Bind Command Demo Integration Tests","Template Interpolation"],"fullName":"Bind Command Demo Integration Tests Template Interpolation should interpolate data attributes in templates","status":"passed","title":"should interpolate data attributes in templates","duration":15.99330000000009,"failureMessages":[],"meta":{}},{"ancestorTitles":["Bind Command Demo Integration Tests","Error Handling"],"fullName":"Bind Command Demo Integration Tests Error Handling should handle invalid bind properties gracefully","status":"passed","title":"should handle invalid bind properties gracefully","duration":9.679399999999987,"failureMessages":[],"meta":{}},{"ancestorTitles":["Bind Command Demo Integration Tests","Error Handling"],"fullName":"Bind Command Demo Integration Tests Error Handling should handle missing target elements gracefully","status":"passed","title":"should handle missing target elements gracefully","duration":4.637400000000071,"failureMessages":[],"meta":{}}],"startTime":1760729781890,"endTime":1760729782355.6375,"status":"passed","message":"","name":"C:/Users/Patrick/invokers/test/bind-command-demo.test.ts"},{"assertionResults":[{"ancestorTitles":["Clean Enhanced Attribute-Based Chaining","Universal Chaining (data-and-then)"],"fullName":"Clean Enhanced Attribute-Based Chaining Universal Chaining (data-and-then) should execute chained command after primary command","status":"passed","title":"should execute chained command after primary command","duration":20.254900000000134,"failureMessages":[],"meta":{}},{"ancestorTitles":["Clean Enhanced Attribute-Based Chaining","Conditional Chaining"],"fullName":"Clean Enhanced Attribute-Based Chaining Conditional Chaining should execute success commands on successful execution","status":"passed","title":"should execute success commands on successful execution","duration":4.684099999999944,"failureMessages":[],"meta":{}},{"ancestorTitles":["Clean Enhanced Attribute-Based Chaining","Conditional Chaining"],"fullName":"Clean Enhanced Attribute-Based Chaining Conditional Chaining should execute error commands on failed execution","status":"passed","title":"should execute error commands on failed execution","duration":3.915200000000141,"failureMessages":[],"meta":{}}],"startTime":1760729789868,"endTime":1760729789896.9153,"status":"passed","message":"","name":"C:/Users/Patrick/invokers/test/clean.test.ts"},{"assertionResults":[{"ancestorTitles":["Compose Commands","composeCommands()"],"fullName":"Compose Commands composeCommands() should create a composite command that executes multiple commands in sequence","status":"passed","title":"should create a composite command that executes multiple commands in sequence","duration":44.34220000000005,"failureMessages":[],"meta":{}},{"ancestorTitles":["Compose Commands","composeCommands()"],"fullName":"Compose Commands composeCommands() should generate a default name when none provided","status":"passed","title":"should generate a default name when none provided","duration":2.7936999999999443,"failureMessages":[],"meta":{}},{"ancestorTitles":["Compose Commands","composeCommands()"],"fullName":"Compose Commands composeCommands() should continue executing commands even if one fails when stopOnError is false","status":"passed","title":"should continue executing commands even if one fails when stopOnError is false","duration":26.222100000000182,"failureMessages":[],"meta":{}},{"ancestorTitles":["Compose Commands","composeCommands()"],"fullName":"Compose Commands composeCommands() should stop executing commands when one fails and stopOnError is true","status":"passed","title":"should stop executing commands when one fails and stopOnError is true","duration":9.80880000000002,"failureMessages":[],"meta":{}},{"ancestorTitles":["Compose Commands","composeCommands()"],"fullName":"Compose Commands composeCommands() should return empty string when given invalid input","status":"passed","title":"should return empty string when given invalid input","duration":3.7963999999999487,"failureMessages":[],"meta":{}},{"ancestorTitles":["Compose Commands","composeCommands()"],"fullName":"Compose Commands composeCommands() should allow composing with commands that will be registered later","status":"passed","title":"should allow composing with commands that will be registered later","duration":1.5269999999998163,"failureMessages":[],"meta":{}},{"ancestorTitles":["Compose Commands","composeCommands()"],"fullName":"Compose Commands composeCommands() should handle async commands properly","status":"passed","title":"should handle async commands properly","duration":21.335900000000038,"failureMessages":[],"meta":{}}],"startTime":1760729789160,"endTime":1760729789270.336,"status":"passed","message":"","name":"C:/Users/Patrick/invokers/test/compose-commands.test.ts"},{"assertionResults":[{"ancestorTitles":["Comprehensive Demo Features","Event Handling & Interpolation"],"fullName":"Comprehensive Demo Features Event Handling & Interpolation should have input element with command binding","status":"passed","title":"should have input element with command binding","duration":8.07400000000007,"failureMessages":[],"meta":{}},{"ancestorTitles":["Comprehensive Demo Features","Event Handling & Interpolation"],"fullName":"Comprehensive Demo Features Event Handling & Interpolation should have display element for interpolation","status":"passed","title":"should have display element for interpolation","duration":1.643000000000029,"failureMessages":[],"meta":{}},{"ancestorTitles":["Comprehensive Demo Features","Event Handling & Interpolation"],"fullName":"Comprehensive Demo Features Event Handling & Interpolation should have counter button with proper attributes","status":"passed","title":"should have counter button with proper attributes","duration":7.085199999999986,"failureMessages":[],"meta":{}},{"ancestorTitles":["Comprehensive Demo Features","Event Handling & Interpolation"],"fullName":"Comprehensive Demo Features Event Handling & Interpolation should have counter display element","status":"passed","title":"should have counter display element","duration":2.1483000000002903,"failureMessages":[],"meta":{}},{"ancestorTitles":["Comprehensive Demo Features","Async Operations"],"fullName":"Comprehensive Demo Features Async Operations should have API fetch button with proper attributes","status":"passed","title":"should have API fetch button with proper attributes","duration":2.502100000000155,"failureMessages":[],"meta":{}},{"ancestorTitles":["Comprehensive Demo Features","Async Operations"],"fullName":"Comprehensive Demo Features Async Operations should have error simulation button","status":"passed","title":"should have error simulation button","duration":6.837600000000293,"failureMessages":[],"meta":{}},{"ancestorTitles":["Comprehensive Demo Features","Async Operations"],"fullName":"Comprehensive Demo Features Async Operations should have promise chain button","status":"passed","title":"should have promise chain button","duration":7.275200000000041,"failureMessages":[],"meta":{}},{"ancestorTitles":["Comprehensive Demo Features","Async Operations"],"fullName":"Comprehensive Demo Features Async Operations should have API result display area","status":"passed","title":"should have API result display area","duration":0.8373999999998887,"failureMessages":[],"meta":{}},{"ancestorTitles":["Comprehensive Demo Features","Component Communication"],"fullName":"Comprehensive Demo Features Component Communication should have shared input with data binding","status":"passed","title":"should have shared input with data binding","duration":1.2273000000000138,"failureMessages":[],"meta":{}},{"ancestorTitles":["Comprehensive Demo Features","Component Communication"],"fullName":"Comprehensive Demo Features Component Communication should have multiple component displays","status":"passed","title":"should have multiple component displays","duration":9.622200000000248,"failureMessages":[],"meta":{}},{"ancestorTitles":["Comprehensive Demo Features","Component Communication"],"fullName":"Comprehensive Demo Features Component Communication should have event publishing button","status":"passed","title":"should have event publishing button","duration":3.228399999999965,"failureMessages":[],"meta":{}},{"ancestorTitles":["Comprehensive Demo Features","Library Integration"],"fullName":"Comprehensive Demo Features Library Integration should have Chart.js integration elements","status":"passed","title":"should have Chart.js integration elements","duration":3.4840000000003783,"failureMessages":[],"meta":{}},{"ancestorTitles":["Comprehensive Demo Features","Library Integration"],"fullName":"Comprehensive Demo Features Library Integration should have GitHub API integration button","status":"passed","title":"should have GitHub API integration button","duration":3.5455000000001746,"failureMessages":[],"meta":{}},{"ancestorTitles":["Comprehensive Demo Features","Advanced Templating"],"fullName":"Comprehensive Demo Features Advanced Templating should have template loading button","status":"passed","title":"should have template loading button","duration":3.2982999999999265,"failureMessages":[],"meta":{}},{"ancestorTitles":["Comprehensive Demo Features","Advanced Templating"],"fullName":"Comprehensive Demo Features Advanced Templating should have conditional rendering select","status":"passed","title":"should have conditional rendering select","duration":2.542699999999968,"failureMessages":[],"meta":{}},{"ancestorTitles":["Comprehensive Demo Features","Advanced Templating"],"fullName":"Comprehensive Demo Features Advanced Templating should have template elements defined","status":"passed","title":"should have template elements defined","duration":3.915799999999763,"failureMessages":[],"meta":{}},{"ancestorTitles":["Comprehensive Demo Features","Programmatic Triggering"],"fullName":"Comprehensive Demo Features Programmatic Triggering should have programmatic demo buttons","status":"passed","title":"should have programmatic demo buttons","duration":6.6077000000000226,"failureMessages":[],"meta":{}},{"ancestorTitles":["Comprehensive Demo Features","Programmatic Triggering"],"fullName":"Comprehensive Demo Features Programmatic Triggering should have command queuing button","status":"passed","title":"should have command queuing button","duration":4.297799999999825,"failureMessages":[],"meta":{}},{"ancestorTitles":["Comprehensive Demo Features","Error Handling"],"fullName":"Comprehensive Demo Features Error Handling should have error testing buttons","status":"passed","title":"should have error testing buttons","duration":12.490200000000186,"failureMessages":[],"meta":{}},{"ancestorTitles":["Comprehensive Demo Features","Error Handling"],"fullName":"Comprehensive Demo Features Error Handling should have debug mode toggle","status":"passed","title":"should have debug mode toggle","duration":2.4771999999998116,"failureMessages":[],"meta":{}},{"ancestorTitles":["Comprehensive Demo Features","DOM Integration"],"fullName":"Comprehensive Demo Features DOM Integration should have all required DOM elements","status":"passed","title":"should have all required DOM elements","duration":1.3198999999999614,"failureMessages":[],"meta":{}},{"ancestorTitles":["Comprehensive Demo Features","DOM Integration"],"fullName":"Comprehensive Demo Features DOM Integration should have proper CSS styling","status":"passed","title":"should have proper CSS styling","duration":2.5895000000000437,"failureMessages":[],"meta":{}},{"ancestorTitles":["Comprehensive Demo Features","DOM Integration"],"fullName":"Comprehensive Demo Features DOM Integration should have Chart.js script loaded","status":"passed","title":"should have Chart.js script loaded","duration":1.777100000000246,"failureMessages":[],"meta":{}},{"ancestorTitles":["Comprehensive Demo Features","DOM Integration"],"fullName":"Comprehensive Demo Features DOM Integration should have Invokers library loaded","status":"passed","title":"should have Invokers library loaded","duration":0.8356000000003405,"failureMessages":[],"meta":{}},{"ancestorTitles":["Comprehensive Demo Features","Demo Structure & Features"],"fullName":"Comprehensive Demo Features Demo Structure & Features should have comprehensive feature sections","status":"passed","title":"should have comprehensive feature sections","duration":8.444800000000214,"failureMessages":[],"meta":{}},{"ancestorTitles":["Comprehensive Demo Features","Demo Structure & Features"],"fullName":"Comprehensive Demo Features Demo Structure & Features should have interactive elements throughout","status":"passed","title":"should have interactive elements throughout","duration":6.59880000000021,"failureMessages":[],"meta":{}},{"ancestorTitles":["Comprehensive Demo Features","Demo Structure & Features"],"fullName":"Comprehensive Demo Features Demo Structure & Features should have proper accessibility attributes","status":"passed","title":"should have proper accessibility attributes","duration":1.8766000000000531,"failureMessages":[],"meta":{}},{"ancestorTitles":["Comprehensive Demo Features","Demo Structure & Features"],"fullName":"Comprehensive Demo Features Demo Structure & Features should demonstrate data flow concepts","status":"passed","title":"should demonstrate data flow concepts","duration":2.077099999999973,"failureMessages":[],"meta":{}},{"ancestorTitles":["Comprehensive Demo Features","Functional Tests"],"fullName":"Comprehensive Demo Features Functional Tests should be able to click demo command buttons without errors","status":"passed","title":"should be able to click demo command buttons without errors","duration":108.33490000000029,"failureMessages":[],"meta":{}}],"startTime":1760729785114,"endTime":1760729785346.335,"status":"passed","message":"","name":"C:/Users/Patrick/invokers/test/comprehensive-demo.test.ts"},{"assertionResults":[{"ancestorTitles":["Core Commands","Text Commands"],"fullName":"Core Commands Text Commands should set text content","status":"passed","title":"should set text content","duration":15.132299999999987,"failureMessages":[],"meta":{}},{"ancestorTitles":["Core Commands","Text Commands"],"fullName":"Core Commands Text Commands should append text content","status":"passed","title":"should append text content","duration":6.359000000000151,"failureMessages":[],"meta":{}},{"ancestorTitles":["Core Commands","Text Commands"],"fullName":"Core Commands Text Commands should prepend text content","status":"passed","title":"should prepend text content","duration":3.7556999999999334,"failureMessages":[],"meta":{}},{"ancestorTitles":["Core Commands","Text Commands"],"fullName":"Core Commands Text Commands should clear text content","status":"passed","title":"should clear text content","duration":2.873600000000124,"failureMessages":[],"meta":{}},{"ancestorTitles":["Core Commands","Attribute Commands"],"fullName":"Core Commands Attribute Commands should set attributes","status":"passed","title":"should set attributes","duration":3.279199999999946,"failureMessages":[],"meta":{}},{"ancestorTitles":["Core Commands","Attribute Commands"],"fullName":"Core Commands Attribute Commands should remove attributes","status":"passed","title":"should remove attributes","duration":2.9468000000001666,"failureMessages":[],"meta":{}},{"ancestorTitles":["Core Commands","Attribute Commands"],"fullName":"Core Commands Attribute Commands should toggle attributes","status":"passed","title":"should toggle attributes","duration":2.891900000000078,"failureMessages":[],"meta":{}},{"ancestorTitles":["Core Commands","Class Commands"],"fullName":"Core Commands Class Commands should add classes","status":"passed","title":"should add classes","duration":3.7544000000002598,"failureMessages":[],"meta":{}},{"ancestorTitles":["Core Commands","Class Commands"],"fullName":"Core Commands Class Commands should remove classes","status":"passed","title":"should remove classes","duration":4.152000000000044,"failureMessages":[],"meta":{}},{"ancestorTitles":["Core Commands","Class Commands"],"fullName":"Core Commands Class Commands should toggle classes","status":"passed","title":"should toggle classes","duration":3.9679000000000997,"failureMessages":[],"meta":{}},{"ancestorTitles":["Core Commands","Visibility Commands"],"fullName":"Core Commands Visibility Commands should show elements","status":"passed","title":"should show elements","duration":3.763600000000224,"failureMessages":[],"meta":{}},{"ancestorTitles":["Core Commands","Visibility Commands"],"fullName":"Core Commands Visibility Commands should hide elements","status":"passed","title":"should hide elements","duration":2.303100000000086,"failureMessages":[],"meta":{}},{"ancestorTitles":["Core Commands","Visibility Commands"],"fullName":"Core Commands Visibility Commands should toggle visibility","status":"passed","title":"should toggle visibility","duration":2.449700000000121,"failureMessages":[],"meta":{}}],"startTime":1760729789124,"endTime":1760729789183.4497,"status":"passed","message":"","name":"C:/Users/Patrick/invokers/test/core-commands.test.ts"},{"assertionResults":[{"ancestorTitles":["Data Commands","--data:set command"],"fullName":"Data Commands --data:set command should set data attribute on target element","status":"passed","title":"should set data attribute on target element","duration":22.456300000000283,"failureMessages":[],"meta":{}},{"ancestorTitles":["Data Commands","--data:set command"],"fullName":"Data Commands --data:set command should dispatch custom event when data is set","status":"passed","title":"should dispatch custom event when data is set","duration":13.785899999999856,"failureMessages":[],"meta":{}},{"ancestorTitles":["Data Commands","--data:set command"],"fullName":"Data Commands --data:set command should interpolate expressions in data values","status":"passed","title":"should interpolate expressions in data values","duration":7.740800000000036,"failureMessages":[],"meta":{}},{"ancestorTitles":["Data Commands","--data:set command"],"fullName":"Data Commands --data:set command should interpolate with parent element data","status":"passed","title":"should interpolate with parent element data","duration":6.200000000000273,"failureMessages":[],"meta":{}},{"ancestorTitles":["Data Commands","--data:set command"],"fullName":"Data Commands --data:set command should handle data binding with data-bind-to and data-bind-as","status":"passed","title":"should handle data binding with data-bind-to and data-bind-as","duration":6.365800000000036,"failureMessages":[],"meta":{}},{"ancestorTitles":["Data Commands","--data:set command"],"fullName":"Data Commands --data:set command should dispatch events on bound elements","status":"passed","title":"should dispatch events on bound elements","duration":6.5909999999998945,"failureMessages":[],"meta":{}},{"ancestorTitles":["Data Commands","--data:set command"],"fullName":"Data Commands --data:set command should interpolate bindTo and bindAs attributes","status":"passed","title":"should interpolate bindTo and bindAs attributes","duration":5.846599999999853,"failureMessages":[],"meta":{}},{"ancestorTitles":["Data Commands","--data:set command"],"fullName":"Data Commands --data:set command should handle different bindAs types","status":"passed","title":"should handle different bindAs types","duration":7.1875,"failureMessages":[],"meta":{}},{"ancestorTitles":["Data Commands","--data:set command"],"fullName":"Data Commands --data:set command should handle attr: bindAs type","status":"passed","title":"should handle attr: bindAs type","duration":6.414400000000114,"failureMessages":[],"meta":{}},{"ancestorTitles":["Data Commands","--data:set command"],"fullName":"Data Commands --data:set command should handle text bindAs type","status":"passed","title":"should handle text bindAs type","duration":7.074100000000271,"failureMessages":[],"meta":{}},{"ancestorTitles":["Data Commands","--data:set command"],"fullName":"Data Commands --data:set command should work with complex selectors in bindTo","status":"passed","title":"should work with complex selectors in bindTo","duration":8.621500000000196,"failureMessages":[],"meta":{}},{"ancestorTitles":["Data Commands","--data:set command"],"fullName":"Data Commands --data:set command should handle missing bind targets gracefully","status":"passed","title":"should handle missing bind targets gracefully","duration":8.447999999999865,"failureMessages":[],"meta":{}},{"ancestorTitles":["Data Commands","--data:set command"],"fullName":"Data Commands --data:set command should handle invalid bindAs gracefully","status":"passed","title":"should handle invalid bindAs gracefully","duration":5.032000000000153,"failureMessages":[],"meta":{}},{"ancestorTitles":["Data Commands","Event dispatching"],"fullName":"Data Commands Event dispatching should dispatch events with correct detail format","status":"passed","title":"should dispatch events with correct detail format","duration":5.434900000000198,"failureMessages":[],"meta":{}},{"ancestorTitles":["Data Commands","Event dispatching"],"fullName":"Data Commands Event dispatching should dispatch events even when binding fails","status":"passed","title":"should dispatch events even when binding fails","duration":4.217399999999998,"failureMessages":[],"meta":{}},{"ancestorTitles":["Data Commands","New Array Commands","--data:generate:array command"],"fullName":"Data Commands New Array Commands --data:generate:array command should generate an array with index pattern","status":"passed","title":"should generate an array with index pattern","duration":7.3945999999996275,"failureMessages":[],"meta":{}},{"ancestorTitles":["Data Commands","New Array Commands","--data:generate:array command"],"fullName":"Data Commands New Array Commands --data:generate:array command should generate an array with random pattern","status":"passed","title":"should generate an array with random pattern","duration":6.015800000000127,"failureMessages":[],"meta":{}},{"ancestorTitles":["Data Commands","New Array Commands","--data:generate:array command"],"fullName":"Data Commands New Array Commands --data:generate:array command should generate an array with object pattern","status":"passed","title":"should generate an array with object pattern","duration":8.061799999999948,"failureMessages":[],"meta":{}},{"ancestorTitles":["Data Commands","New Array Commands","--data:generate:array command"],"fullName":"Data Commands New Array Commands --data:generate:array command should throw error for missing count","status":"passed","title":"should throw error for missing count","duration":5.952400000000125,"failureMessages":[],"meta":{}},{"ancestorTitles":["Data Commands","New Array Commands","--data:index:get command"],"fullName":"Data Commands New Array Commands --data:index:get command should get item at specific index","status":"passed","title":"should get item at specific index","duration":4.0229999999996835,"failureMessages":[],"meta":{}},{"ancestorTitles":["Data Commands","New Array Commands","--data:index:get command"],"fullName":"Data Commands New Array Commands --data:index:get command should throw error for out of bounds index","status":"passed","title":"should throw error for out of bounds index","duration":3.492500000000291,"failureMessages":[],"meta":{}},{"ancestorTitles":["Data Commands","New Array Commands","--data:index:set command"],"fullName":"Data Commands New Array Commands --data:index:set command should set item at specific index","status":"passed","title":"should set item at specific index","duration":8.27599999999984,"failureMessages":[],"meta":{}},{"ancestorTitles":["Data Commands","New Array Commands","--data:index:set command"],"fullName":"Data Commands New Array Commands --data:index:set command should throw error for invalid JSON value","status":"passed","title":"should throw error for invalid JSON value","duration":9.818299999999908,"failureMessages":[],"meta":{}},{"ancestorTitles":["Data Commands","New Array Commands","--data:swap command"],"fullName":"Data Commands New Array Commands --data:swap command should swap two items by index","status":"passed","title":"should swap two items by index","duration":8.05119999999988,"failureMessages":[],"meta":{}},{"ancestorTitles":["Data Commands","New Array Commands","--data:swap command"],"fullName":"Data Commands New Array Commands --data:swap command should throw error for out of bounds indices","status":"passed","title":"should throw error for out of bounds indices","duration":5.915899999999965,"failureMessages":[],"meta":{}},{"ancestorTitles":["Data Commands","New Array Commands","--data:slice command"],"fullName":"Data Commands New Array Commands --data:slice command should create a slice of the array","status":"passed","title":"should create a slice of the array","duration":9.899199999999837,"failureMessages":[],"meta":{}},{"ancestorTitles":["Data Commands","New Array Commands","--data:slice command"],"fullName":"Data Commands New Array Commands --data:slice command should handle slice without end parameter","status":"passed","title":"should handle slice without end parameter","duration":3.091899999999896,"failureMessages":[],"meta":{}},{"ancestorTitles":["Data Commands","New Array Commands","--data:find command"],"fullName":"Data Commands New Array Commands --data:find command should find first item matching criteria","status":"passed","title":"should find first item matching criteria","duration":3.9351000000001477,"failureMessages":[],"meta":{}},{"ancestorTitles":["Data Commands","New Array Commands","--data:find command"],"fullName":"Data Commands New Array Commands --data:find command should clear result key when item not found","status":"passed","title":"should clear result key when item not found","duration":3.5646999999999025,"failureMessages":[],"meta":{}},{"ancestorTitles":["Data Commands","New Array Commands","--data:reverse command"],"fullName":"Data Commands New Array Commands --data:reverse command should reverse the array order","status":"passed","title":"should reverse the array order","duration":3.1396999999997206,"failureMessages":[],"meta":{}},{"ancestorTitles":["Data Commands","New Array Commands","--data:concat command"],"fullName":"Data Commands New Array Commands --data:concat command should concatenate multiple arrays","status":"passed","title":"should concatenate multiple arrays","duration":7.076200000000426,"failureMessages":[],"meta":{}},{"ancestorTitles":["Data Commands","New Array Commands","--data:concat command"],"fullName":"Data Commands New Array Commands --data:concat command should handle missing arrays gracefully","status":"passed","title":"should handle missing arrays gracefully","duration":11.887699999999768,"failureMessages":[],"meta":{}},{"ancestorTitles":["Data Commands","New Array Commands","--data:clear command"],"fullName":"Data Commands New Array Commands --data:clear command should clear the array","status":"passed","title":"should clear the array","duration":6.027599999999893,"failureMessages":[],"meta":{}}],"startTime":1760729781680,"endTime":1760729781919.0276,"status":"passed","message":"","name":"C:/Users/Patrick/invokers/test/data-commands.test.ts"},{"assertionResults":[{"ancestorTitles":["Device Commands","--device:vibrate command"],"fullName":"Device Commands --device:vibrate command should vibrate with single duration","status":"passed","title":"should vibrate with single duration","duration":42.4382999999998,"failureMessages":[],"meta":{}},{"ancestorTitles":["Device Commands","--device:vibrate command"],"fullName":"Device Commands --device:vibrate command should vibrate with pattern","status":"passed","title":"should vibrate with pattern","duration":9.370699999999943,"failureMessages":[],"meta":{}},{"ancestorTitles":["Device Commands","--device:vibrate command"],"fullName":"Device Commands --device:vibrate command should handle unsupported vibration API","status":"passed","title":"should handle unsupported vibration API","duration":13.797000000000025,"failureMessages":[],"meta":{}},{"ancestorTitles":["Device Commands","--device:vibrate command"],"fullName":"Device Commands --device:vibrate command should throw error for missing pattern","status":"passed","title":"should throw error for missing pattern","duration":38.247100000000046,"failureMessages":[],"meta":{}},{"ancestorTitles":["Device Commands","--device:share command"],"fullName":"Device Commands --device:share command should share content successfully","status":"passed","title":"should share content successfully","duration":9.316299999999956,"failureMessages":[],"meta":{}},{"ancestorTitles":["Device Commands","--device:share command"],"fullName":"Device Commands --device:share command should handle share cancellation","status":"passed","title":"should handle share cancellation","duration":31.295599999999922,"failureMessages":[],"meta":{}},{"ancestorTitles":["Device Commands","--device:share command"],"fullName":"Device Commands --device:share command should handle unsupported share API","status":"passed","title":"should handle unsupported share API","duration":9.931800000000294,"failureMessages":[],"meta":{}},{"ancestorTitles":["Device Commands","--device:geolocation:get command"],"fullName":"Device Commands --device:geolocation:get command should get geolocation successfully","status":"passed","title":"should get geolocation successfully","duration":21.79860000000008,"failureMessages":[],"meta":{}},{"ancestorTitles":["Device Commands","--device:geolocation:get command"],"fullName":"Device Commands --device:geolocation:get command should handle geolocation permission denied","status":"passed","title":"should handle geolocation permission denied","duration":20.126999999999953,"failureMessages":[],"meta":{}},{"ancestorTitles":["Device Commands","--device:geolocation:get command"],"fullName":"Device Commands --device:geolocation:get command should handle unsupported geolocation API","status":"passed","title":"should handle unsupported geolocation API","duration":6.721300000000156,"failureMessages":[],"meta":{}},{"ancestorTitles":["Device Commands","--device:battery:get command"],"fullName":"Device Commands --device:battery:get command should get battery status","status":"passed","title":"should get battery status","duration":7.118000000000393,"failureMessages":[],"meta":{}},{"ancestorTitles":["Device Commands","--device:battery:get command"],"fullName":"Device Commands --device:battery:get command should handle unsupported battery API","status":"passed","title":"should handle unsupported battery API","duration":5.783999999999651,"failureMessages":[],"meta":{}},{"ancestorTitles":["Device Commands","--device:clipboard:read command"],"fullName":"Device Commands --device:clipboard:read command should read from clipboard","status":"passed","title":"should read from clipboard","duration":22.896000000000186,"failureMessages":[],"meta":{}},{"ancestorTitles":["Device Commands","--device:clipboard:read command"],"fullName":"Device Commands --device:clipboard:read command should handle clipboard read failure","status":"passed","title":"should handle clipboard read failure","duration":15.85779999999977,"failureMessages":[],"meta":{}},{"ancestorTitles":["Device Commands","--device:clipboard:write command"],"fullName":"Device Commands --device:clipboard:write command should write to clipboard","status":"passed","title":"should write to clipboard","duration":22.393800000000283,"failureMessages":[],"meta":{}},{"ancestorTitles":["Device Commands","--device:clipboard:write command"],"fullName":"Device Commands --device:clipboard:write command should throw error for missing text","status":"passed","title":"should throw error for missing text","duration":5.967799999999897,"failureMessages":[],"meta":{}},{"ancestorTitles":["Device Commands","--device:wake-lock command"],"fullName":"Device Commands --device:wake-lock command should request wake lock","status":"passed","title":"should request wake lock","duration":5.1603000000000065,"failureMessages":[],"meta":{}},{"ancestorTitles":["Device Commands","--device:wake-lock command"],"fullName":"Device Commands --device:wake-lock command should handle wake lock failure","status":"passed","title":"should handle wake lock failure","duration":5.268000000000029,"failureMessages":[],"meta":{}},{"ancestorTitles":["Device Commands","--device:wake-lock:release command"],"fullName":"Device Commands --device:wake-lock:release command should release wake lock","status":"passed","title":"should release wake lock","duration":22.580799999999726,"failureMessages":[],"meta":{}}],"startTime":1760729784491,"endTime":1760729784809.5808,"status":"passed","message":"","name":"C:/Users/Patrick/invokers/test/device-commands.test.ts"},{"assertionResults":[{"ancestorTitles":["--emit command demo functionality"],"fullName":"--emit command demo functionality should dispatch user-action event to document.body and catch it on window","status":"passed","title":"should dispatch user-action event to document.body and catch it on window","duration":44.48669999999993,"failureMessages":[],"meta":{}},{"ancestorTitles":["--emit command demo functionality"],"fullName":"--emit command demo functionality should dispatch navigation event to document.body and catch it on window","status":"passed","title":"should dispatch navigation event to document.body and catch it on window","duration":10.445999999999913,"failureMessages":[],"meta":{}},{"ancestorTitles":["--emit command demo functionality"],"fullName":"--emit command demo functionality should dispatch events with complex detail objects","status":"passed","title":"should dispatch events with complex detail objects","duration":8.737700000000132,"failureMessages":[],"meta":{}},{"ancestorTitles":["--emit command demo functionality"],"fullName":"--emit command demo functionality should work without commandfor (fallback to document.body)","status":"passed","title":"should work without commandfor (fallback to document.body)","duration":8.099099999999908,"failureMessages":[],"m
[...]
s","status":"passed","title":"should dispatch websocket:message events","duration":13.069899999999961,"failureMessages":[],"meta":{}},{"ancestorTitles":["WebSocket and Server-Sent Events Commands","Event Dispatching"],"fullName":"WebSocket and Server-Sent Events Commands Event Dispatching should dispatch sse:message events","status":"passed","title":"should dispatch sse:message events","duration":14.548299999999927,"failureMessages":[],"meta":{}}],"startTime":1760729781697,"endTime":1760729781906.5483,"status":"passed","message":"","name":"C:/Users/Patrick/invokers/test/websocket-sse-commands.test.ts"},{"assertionResults":[{"ancestorTitles":["Components Module","enableComponents()"],"fullName":"Components Module enableComponents() should enable the components module successfully","status":"passed","title":"should enable the components module successfully","duration":24.986899999999878,"failureMessages":[],"meta":{}},{"ancestorTitles":["Components Module","enableComponents()"],"fullName":"Components Module enableComponents() should not enable twice","status":"passed","title":"should not enable twice","duration":3.3025000000002365,"failureMessages":[],"meta":{}},{"ancestorTitles":["Components Module","enableComponents()"],"fullName":"Components Module enableComponents() should work in browser environment","status":"passed","title":"should work in browser environment","duration":3.1265000000003056,"failureMessages":[],"meta":{}},{"ancestorTitles":["Components Module","Component Templates"],"fullName":"Components Module Component Templates should parse template elements","status":"passed","title":"should parse template elements","duration":24.82679999999982,"failureMessages":[],"meta":{}},{"ancestorTitles":["Components Module","Component Templates"],"fullName":"Components Module Component Templates should render components with props","status":"passed","title":"should render components with props","duration":14.070900000000165,"failureMessages":[],"meta":{}},{"ancestorTitles":["Components Module","Scoped Styles"],"fullName":"Components Module Scoped Styles should process scoped styles","status":"passed","title":"should process scoped styles","duration":21.340700000000197,"failureMessages":[],"meta":{}},{"ancestorTitles":["Components Module","Scoped Styles"],"fullName":"Components Module Scoped Styles should scope CSS selectors","status":"passed","title":"should scope CSS selectors","duration":17.74389999999994,"failureMessages":[],"meta":{}},{"ancestorTitles":["Components Module","Slots"],"fullName":"Components Module Slots should handle default slots","status":"passed","title":"should handle default slots","duration":14.387900000000172,"failureMessages":[],"meta":{}},{"ancestorTitles":["Components Module","Slots"],"fullName":"Components Module Slots should handle named slots","status":"passed","title":"should handle named slots","duration":28.037000000000262,"failureMessages":[],"meta":{}},{"ancestorTitles":["Components Module","Component Events"],"fullName":"Components Module Component Events should handle component event bindings","status":"passed","title":"should handle component event bindings","duration":7.796499999999924,"failureMessages":[],"meta":{}},{"ancestorTitles":["Components Module","Dynamic Components"],"fullName":"Components Module Dynamic Components should handle dynamically added templates","status":"passed","title":"should handle dynamically added templates","duration":12.966899999999896,"failureMessages":[],"meta":{}},{"ancestorTitles":["Components Module","Dynamic Components"],"fullName":"Components Module Dynamic Components should handle dynamically added scoped styles","status":"passed","title":"should handle dynamically added scoped styles","duration":5.92470000000003,"failureMessages":[],"meta":{}},{"ancestorTitles":["Components Module","Error Handling"],"fullName":"Components Module Error Handling should handle missing templates gracefully","status":"passed","title":"should handle missing templates gracefully","duration":4.746599999999944,"failureMessages":[],"meta":{}},{"ancestorTitles":["Components Module","Error Handling"],"fullName":"Components Module Error Handling should handle malformed templates gracefully","status":"passed","title":"should handle malformed templates gracefully","duration":6.061099999999897,"failureMessages":[],"meta":{}},{"ancestorTitles":["Components Module","Performance"],"fullName":"Components Module Performance should handle many templates efficiently","status":"passed","title":"should handle many templates efficiently","duration":38.9984000000004,"failureMessages":[],"meta":{}},{"ancestorTitles":["Components Module","Integration"],"fullName":"Components Module Integration should work with Invoker commands","status":"passed","title":"should work with Invoker commands","duration":12.380799999999908,"failureMessages":[],"meta":{}}],"startTime":1760729784987,"endTime":1760729785230.3809,"status":"passed","message":"","name":"C:/Users/Patrick/invokers/test/power-packs/components.test.ts"},{"assertionResults":[{"ancestorTitles":["Enhanced Control Module","Loop Constructs","data-for-each"],"fullName":"Enhanced Control Module Loop Constructs data-for-each should render items from array","status":"failed","title":"should render items from array","duration":84.92630000000008,"failureMessages":["AssertionError: expected <span></span> to have a length of 3 but got 1\n    at Proxy.<anonymous> (file:///C:/Users/Patrick/invokers/node_modules/@vitest/expect/dist/index.js:1339:22)\n    at Proxy.<anonymous> (file:///C:/Users/Patrick/invokers/node_modules/@vitest/expect/dist/index.js:972:17)\n    at Proxy.methodWrapper (file:///C:/Users/Patrick/invokers/node_modules/chai/index.js:1686:25)\n    at C:\\Users\\Patrick\\invokers\\test\\power-packs\\control-enhanced.test.ts:52:23\n    at file:///C:/Users/Patrick/invokers/node_modules/@vitest/runner/dist/index.js:533:5\n    at runTest (file:///C:/Users/Patrick/invokers/node_modules/@vitest/runner/dist/index.js:1056:11)\n    at runSuite (file:///C:/Users/Patrick/invokers/node_modules/@vitest/runner/dist/index.js:1205:15)\n    at runSuite (file:///C:/Users/Patrick/invokers/node_modules/@vitest/runner/dist/index.js:1205:15)\n    at runSuite (file:///C:/Users/Patrick/invokers/node_modules/@vitest/runner/dist/index.js:1205:15)\n    at runSuite (file:///C:/Users/Patrick/invokers/node_modules/@vitest/runner/dist/index.js:1205:15)"],"meta":{}},{"ancestorTitles":["Enhanced Control Module","Loop Constructs","data-for-each"],"fullName":"Enhanced Control Module Loop Constructs data-for-each should handle indexed loops","status":"failed","title":"should handle indexed loops","duration":28.495900000000347,"failureMessages":["AssertionError: expected <span></span> to have a length of 2 but got 1\n    at Proxy.<anonymous> (file:///C:/Users/Patrick/invokers/node_modules/@vitest/expect/dist/index.js:1339:22)\n    at Proxy.<anonymous> (file:///C:/Users/Patrick/invokers/node_modules/@vitest/expect/dist/index.js:972:17)\n    at Proxy.methodWrapper (file:///C:/Users/Patrick/invokers/node_modules/chai/index.js:1686:25)\n    at C:\\Users\\Patrick\\invokers\\test\\power-packs\\control-enhanced.test.ts:80:23\n    at file:///C:/Users/Patrick/invokers/node_modules/@vitest/runner/dist/index.js:533:5\n    at runTest (file:///C:/Users/Patrick/invokers/node_modules/@vitest/runner/dist/index.js:1056:11)\n    at runSuite (file:///C:/Users/Patrick/invokers/node_modules/@vitest/runner/dist/index.js:1205:15)\n    at runSuite (file:///C:/Users/Patrick/invokers/node_modules/@vitest/runner/dist/index.js:1205:15)\n    at runSuite (file:///C:/Users/Patrick/invokers/node_modules/@vitest/runner/dist/index.js:1205:15)\n    at runSuite (file:///C:/Users/Patrick/invokers/node_modules/@vitest/runner/dist/index.js:1205:15)"],"meta":{}},{"ancestorTitles":["Enhanced Control Module","Loop Constructs","data-for-each"],"fullName":"Enhanced Control Module Loop Constructs data-for-each should update when array changes","status":"failed","title":"should update when array changes","duration":45.852800000000116,"failureMessages":["AssertionError: expected <span></span> to have a length of 2 but got 1\n    at Proxy.<anonymous> (file:///C:/Users/Patrick/invokers/node_modules/@vitest/expect/dist/index.js:1339:22)\n    at Proxy.<anonymous> (file:///C:/Users/Patrick/invokers/node_modules/@vitest/expect/dist/index.js:972:17)\n    at Proxy.methodWrapper (file:///C:/Users/Patrick/invokers/node_modules/chai/index.js:1686:25)\n    at C:\\Users\\Patrick\\invokers\\test\\power-packs\\control-enhanced.test.ts:117:23\n    at file:///C:/Users/Patrick/invokers/node_modules/@vitest/runner/dist/index.js:533:5\n    at runTest (file:///C:/Users/Patrick/invokers/node_modules/@vitest/runner/dist/index.js:1056:11)\n    at runSuite (file:///C:/Users/Patrick/invokers/node_modules/@vitest/runner/dist/index.js:1205:15)\n    at runSuite (file:///C:/Users/Patrick/invokers/node_modules/@vitest/runner/dist/index.js:1205:15)\n    at runSuite (file:///C:/Users/Patrick/invokers/node_modules/@vitest/runner/dist/index.js:1205:15)\n    at runSuite (file:///C:/Users/Patrick/invokers/node_modules/@vitest/runner/dist/index.js:1205:15)"],"meta":{}},{"ancestorTitles":["Enhanced Control Module","Loop Constructs","data-while"],"fullName":"Enhanced Control Module Loop Constructs data-while should render while condition is true","status":"failed","title":"should render while condition is true","duration":21.528699999999844,"failureMessages":["AssertionError: expected  to have a length of 1 but got +0\n    at Proxy.<anonymous> (file:///C:/Users/Patrick/invokers/node_modules/@vitest/expect/dist/index.js:1339:22)\n    at Proxy.<anonymous> (file:///C:/Users/Patrick/invokers/node_modules/@vitest/expect/dist/index.js:972:17)\n    at Proxy.methodWrapper (file:///C:/Users/Patrick/invokers/node_modules/chai/index.js:1686:25)\n    at C:\\Users\\Patrick\\invokers\\test\\power-packs\\control-enhanced.test.ts:146:23\n    at file:///C:/Users/Patrick/invokers/node_modules/@vitest/runner/dist/index.js:533:5\n    at runTest (file:///C:/Users/Patrick/invokers/node_modules/@vitest/runner/dist/index.js:1056:11)\n    at runSuite (file:///C:/Users/Patrick/invokers/node_modules/@vitest/runner/dist/index.js:1205:15)\n    at runSuite (file:///C:/Users/Patrick/invokers/node_modules/@vitest/runner/dist/index.js:1205:15)\n    at runSuite (file:///C:/Users/Patrick/invokers/node_modules/@vitest/runner/dist/index.js:1205:15)\n    at runSuite (file:///C:/Users/Patrick/invokers/node_modules/@vitest/runner/dist/index.js:1205:15)"],"meta":{}},{"ancestorTitles":["Enhanced Control Module","Loop Constructs","data-repeat"],"fullName":"Enhanced Control Module Loop Constructs data-repeat should render specified number of times","status":"failed","title":"should render specified number of times","duration":18.91919999999982,"failureMessages":["AssertionError: expected <span></span> to have a length of 3 but got 1\n    at Proxy.<anonymous> (file:///C:/Users/Patrick/invokers/node_modules/@vitest/expect/dist/index.js:1339:22)\n    at Proxy.<anonymous> (file:///C:/Users/Patrick/invokers/node_modules/@vitest/expect/dist/index.js:972:17)\n    at Proxy.methodWrapper (file:///C:/Users/Patrick/invokers/node_modules/chai/index.js:1686:25)\n    at C:\\Users\\Patrick\\invokers\\test\\power-packs\\control-enhanced.test.ts:174:23\n    at file:///C:/Users/Patrick/invokers/node_modules/@vitest/runner/dist/index.js:533:5\n    at runTest (file:///C:/Users/Patrick/invokers/node_modules/@vitest/runner/dist/index.js:1056:11)\n    at runSuite (file:///C:/Users/Patrick/invokers/node_modules/@vitest/runner/dist/index.js:1205:15)\n    at runSuite (file:///C:/Users/Patrick/invokers/node_modules/@vitest/runner/dist/index.js:1205:15)\n    at runSuite (file:///C:/Users/Patrick/invokers/node_modules/@vitest/runner/dist/index.js:1205:15)\n    at runSuite (file:///C:/Users/Patrick/invokers/node_modules/@vitest/runner/dist/index.js:1205:15)"],"meta":{}},{"ancestorTitles":["Enhanced Control Module","Error Boundaries"],"fullName":"Enhanced Control Module Error Boundaries should handle errors in try blocks","status":"passed","title":"should handle errors in try blocks","duration":24.198399999999765,"failureMessages":[],"meta":{}},{"ancestorTitles":["Enhanced Control Module","Async Control"],"fullName":"Enhanced Control Module Async Control should execute parallel operations","status":"failed","title":"should execute parallel operations","duration":37.35290000000032,"failureMessages":["AssertionError: expected '' to be 'Task 1' // Object.is equality\n    at C:\\Users\\Patrick\\invokers\\test\\power-packs\\control-enhanced.test.ts:238:36\n    at file:///C:/Users/Patrick/invokers/node_modules/@vitest/runner/dist/index.js:533:5\n    at runTest (file:///C:/Users/Patrick/invokers/node_modules/@vitest/runner/dist/index.js:1056:11)\n    at runSuite (file:///C:/Users/Patrick/invokers/node_modules/@vitest/runner/dist/index.js:1205:15)\n    at runSuite (file:///C:/Users/Patrick/invokers/node_modules/@vitest/runner/dist/index.js:1205:15)\n    at runSuite (file:///C:/Users/Patrick/invokers/node_modules/@vitest/runner/dist/index.js:1205:15)\n    at runFiles (file:///C:/Users/Patrick/invokers/node_modules/@vitest/runner/dist/index.js:1262:5)\n    at startTests (file:///C:/Users/Patrick/invokers/node_modules/@vitest/runner/dist/index.js:1271:3)\n    at file:///C:/Users/Patrick/invokers/node_modules/vitest/dist/chunks/runBaseTests.3qpJUEJM.js:126:11\n    at withEnv (file:///C:/Users/Patrick/invokers/node_modules/vitest/dist/chunks/runBaseTests.3qpJUEJM.js:90:5)"],"meta":{}},{"ancestorTitles":["Enhanced Control Module","Async Control"],"fullName":"Enhanced Control Module Async Control should execute race condition","status":"failed","title":"should execute race condition","duration":15.864500000000135,"failureMessages":["AssertionError: expected '' to match /Fast|Slow/\n    at C:\\Users\\Patrick\\invokers\\test\\power-packs\\control-enhanced.test.ts:259:35\n    at runNextTicks (node:internal/process/task_queues:65:5)\n    at processTimers (node:internal/timers:540:9)\n    at file:///C:/Users/Patrick/invokers/node_modules/@vitest/runner/dist/index.js:533:5\n    at runTest (file:///C:/Users/Patrick/invokers/node_modules/@vitest/runner/dist/index.js:1056:11)\n    at runSuite (file:///C:/Users/Patrick/invokers/node_modules/@vitest/runner/dist/index.js:1205:15)\n    at runSuite (file:///C:/Users/Patrick/invokers/node_modules/@vitest/runner/dist/index.js:1205:15)\n    at runSuite (file:///C:/Users/Patrick/invokers/node_modules/@vitest/runner/dist/index.js:1205:15)\n    at runFiles (file:///C:/Users/Patrick/invokers/node_modules/@vitest/runner/dist/index.js:1262:5)\n    at startTests (file:///C:/Users/Patrick/invokers/node_modules/@vitest/runner/dist/index.js:1271:3)"],"meta":{}}],"startTime":1760729787961,"endTime":1760729788238.8645,"status":"failed","message":"","name":"C:/Users/Patrick/invokers/test/power-packs/control-enhanced.test.ts"},{"assertionResults":[{"ancestorTitles":["Control Power Pack","Conditional Rendering"],"fullName":"Control Power Pack Conditional Rendering should show element when condition is true","status":"passed","title":"should show element when condition is true","duration":50.54160000000002,"failureMessages":[],"meta":{}},{"ancestorTitles":["Control Power Pack","Conditional Rendering"],"fullName":"Control Power Pack Conditional Rendering should hide element when condition is false","status":"passed","title":"should hide element when condition is false","duration":24.4366,"failureMessages":[],"meta":{}},{"ancestorTitles":["Control Power Pack","Conditional Rendering"],"fullName":"Control Power Pack Conditional Rendering should work with data-else","status":"passed","title":"should work with data-else","duration":30.33309999999983,"failureMessages":[],"meta":{}},{"ancestorTitles":["Control Power Pack","Conditional Rendering"],"fullName":"Control Power Pack Conditional Rendering should update when state changes","status":"passed","title":"should update when state changes","duration":29.752799999999752,"failureMessages":[],"meta":{}},{"ancestorTitles":["Control Power Pack","Switch/Case Rendering"],"fullName":"Control Power Pack Switch/Case Rendering should show matching case","status":"passed","title":"should show matching case","duration":16.496700000000146,"failureMessages":[],"meta":{}},{"ancestorTitles":["Control Power Pack","Switch/Case Rendering"],"fullName":"Control Power Pack Switch/Case Rendering should show default case when no match","status":"passed","title":"should show default case when no match","duration":15.643599999999878,"failureMessages":[],"meta":{}},{"ancestorTitles":["Control Power Pack","Switch/Case Rendering"],"fullName":"Control Power Pack Switch/Case Rendering should update when switch value changes","status":"passed","title":"should update when switch value changes","duration":46.660499999999956,"failureMessages":[],"meta":{}},{"ancestorTitles":["Control Power Pack","Promise Chaining"],"fullName":"Control Power Pack Promise Chaining should execute command chains with promises","status":"passed","title":"should execute command chains with promises","duration":4.297599999999875,"failureMessages":[],"meta":{}}],"startTime":1760729789406,"endTime":1760729789625.2976,"status":"passed","message":"","name":"C:/Users/Patrick/invokers/test/power-packs/control.test.ts"},{"assertionResults":[{"ancestorTitles":["State Power Pack","State Store"],"fullName":"State Power Pack State Store should initialize from JSON script","status":"passed","title":"should initialize from JSON script","duration":21.834600000000137,"failureMessages":[],"meta":{}},{"ancestorTitles":["State Power Pack","State Store"],"fullName":"State Power Pack State Store should set and get values","status":"passed","title":"should set and get values","duration":2.466899999999896,"failureMessages":[],"meta":{}},{"ancestorTitles":["State Power Pack","State Store"],"fullName":"State Power Pack State Store should notify subscribers on changes","status":"passed","title":"should notify subscribers on changes","duration":2.6802999999999884,"failureMessages":[],"meta":{}},{"ancestorTitles":["State Power Pack","State Commands"],"fullName":"State Power Pack State Commands should set state value with --state:set","status":"passed","title":"should set state value with --state:set","duration":13.612999999999829,"failureMessages":[],"meta":{}},{"ancestorTitles":["State Power Pack","State Commands"],"fullName":"State Power Pack State Commands should get state value with --state:get","status":"passed","title":"should get state value with --state:get","duration":9.154899999999998,"failureMessages":[],"meta":{}},{"ancestorTitles":["State Power Pack","State Commands"],"fullName":"State Power Pack State Commands should push to state array with --state:array:push","status":"passed","title":"should push to state array with --state:array:push","duration":6.1163000000001375,"failureMessages":[],"meta":{}},{"ancestorTitles":["State Power Pack","Computed Properties"],"fullName":"State Power Pack Computed Properties should update computed property when dependency changes","status":"passed","title":"should update computed property when dependency changes","duration":15.095000000000027,"failureMessages":[],"meta":{}},{"ancestorTitles":["State Power Pack","Data Binding"],"fullName":"State Power Pack Data Binding should bind input to state","status":"passed","title":"should bind input to state","duration":16.12909999999988,"failureMessages":[],"meta":{}},{"ancestorTitles":["State Power Pack","Data Binding"],"fullName":"State Power Pack Data Binding should update input when state changes","status":"passed","title":"should update input when state changes","duration":15.76949999999988,"failureMessages":[],"meta":{}}],"startTime":1760729789845,"endTime":1760729789948.7695,"status":"passed","message":"","name":"C:/Users/Patrick/invokers/test/power-packs/state.test.ts"}]}