{"numTotalTestSuites":390,"numPassedTestSuites":390,"numFailedTestSuites":0,"numPendingTestSuites":0,"numTotalTests":837,"numPassedTests":834,"numFailedTests":0,"numPendingTests":3,"numTodoTests":0,"snapshot":{"added":0,"failure":false,"filesAdded":0,"filesRemoved":0,"filesRemovedList":[],"filesUnmatched":0,"filesUpdated":0,"matched":0,"total":0,"unchecked":0,"uncheckedKeysByFile":[],"unmatched":0,"updated":0,"didUpdate":false},"startTime":1769611252748,"success":true,"testResults":[{"assertionResults":[{"ancestorTitles":["Accessibility Commands","--a11y:announce command"],"fullName":"Accessibility Commands --a11y:announce command should announce text to screen readers","status":"passed","title":"should announce text to screen readers","duration":210.38440000000037,"failureMessages":[],"meta":{}},{"ancestorTitles":["Accessibility Commands","--a11y:announce command"],"fullName":"Accessibility Commands --a11y:announce command should use assertive priority when specified","status":"passed","title":"should use assertive priority when specified","duration":181.57169999999996,"failureMessages":[],"meta":{}},{"ancestorTitles":["Accessibility Commands","--a11y:announce command"],"fullName":"Accessibility Commands --a11y:announce command should throw error for missing text","status":"passed","title":"should throw error for missing text","duration":27.529700000000048,"failureMessages":[],"meta":{}},{"ancestorTitles":["Accessibility Commands","--a11y:focus command"],"fullName":"Accessibility Commands --a11y:focus command should focus target element","status":"passed","title":"should focus target element","duration":378.7377999999999,"failureMessages":[],"meta":{}},{"ancestorTitles":["Accessibility Commands","--a11y:focus command"],"fullName":"Accessibility Commands --a11y:focus command should throw error for missing targets","status":"passed","title":"should throw error for missing targets","duration":13.738299999999981,"failureMessages":[],"meta":{}},{"ancestorTitles":["Accessibility Commands","--a11y:skip-to command"],"fullName":"Accessibility Commands --a11y:skip-to command should focus element by ID","status":"passed","title":"should focus element by ID","duration":361.90329999999994,"failureMessages":[],"meta":{}},{"ancestorTitles":["Accessibility Commands","--a11y:skip-to command"],"fullName":"Accessibility Commands --a11y:skip-to command should throw error for non-existent element","status":"passed","title":"should throw error for non-existent element","duration":9.169600000000173,"failureMessages":[],"meta":{}},{"ancestorTitles":["Accessibility Commands","--a11y:focus-trap command"],"fullName":"Accessibility Commands --a11y:focus-trap command should enable focus trap","status":"passed","title":"should enable focus trap","duration":53.61740000000009,"failureMessages":[],"meta":{}},{"ancestorTitles":["Accessibility Commands","--a11y:focus-trap command"],"fullName":"Accessibility Commands --a11y:focus-trap command should disable focus trap","status":"passed","title":"should disable focus trap","duration":13.198199999999815,"failureMessages":[],"meta":{}},{"ancestorTitles":["Accessibility Commands","--a11y:focus-trap command"],"fullName":"Accessibility Commands --a11y:focus-trap command should throw error for invalid action","status":"passed","title":"should throw error for invalid action","duration":14.08259999999973,"failureMessages":[],"meta":{}},{"ancestorTitles":["Accessibility Commands","--a11y:aria:set command"],"fullName":"Accessibility Commands --a11y:aria:set command should set ARIA attributes","status":"passed","title":"should set ARIA attributes","duration":13.848399999999856,"failureMessages":[],"meta":{}},{"ancestorTitles":["Accessibility Commands","--a11y:aria:set command"],"fullName":"Accessibility Commands --a11y:aria:set command should throw error for invalid format","status":"passed","title":"should throw error for invalid format","duration":9.558399999999892,"failureMessages":[],"meta":{}},{"ancestorTitles":["Accessibility Commands","--a11y:aria:remove command"],"fullName":"Accessibility Commands --a11y:aria:remove command should remove ARIA attributes","status":"passed","title":"should remove ARIA attributes","duration":24.853399999999965,"failureMessages":[],"meta":{}},{"ancestorTitles":["Accessibility Commands","--a11y:heading-level command"],"fullName":"Accessibility Commands --a11y:heading-level command should change heading level by changing tag","status":"passed","title":"should change heading level by changing tag","duration":20.18449999999939,"failureMessages":[],"meta":{}},{"ancestorTitles":["Accessibility Commands","--a11y:heading-level command"],"fullName":"Accessibility Commands --a11y:heading-level command should set aria-level for non-heading elements","status":"passed","title":"should set aria-level for non-heading elements","duration":5.929200000000492,"failureMessages":[],"meta":{}},{"ancestorTitles":["Accessibility Commands","--a11y:heading-level command"],"fullName":"Accessibility Commands --a11y:heading-level command should throw error for invalid level","status":"passed","title":"should throw error for invalid level","duration":5.864400000000387,"failureMessages":[],"meta":{}}],"startTime":1769611263926,"endTime":1769611265273.8645,"status":"passed","message":"","name":"C:/Users/Patrick/invokers/test/accessibility-commands.test.ts"},{"assertionResults":[{"ancestorTitles":["Advanced Events Toast Notification"],"fullName":"Advanced Events Toast Notification should display toast with interpolated message after form submission","status":"passed","title":"should display toast with interpolated message after form submission","duration":164.2800000000002,"failureMessages":[],"meta":{}},{"ancestorTitles":["Advanced Events Toast Notification"],"fullName":"Advanced Events Toast Notification should handle emit command correctly","status":"passed","title":"should handle emit command correctly","duration":177.40470000000005,"failureMessages":[],"meta":{}},{"ancestorTitles":["Advanced Events Toast Notification"],"fullName":"Advanced Events Toast Notification should interpolate detail.message correctly","status":"passed","title":"should interpolate detail.message correctly","duration":37.558700000000044,"failureMessages":[],"meta":{}}],"startTime":1769611265748,"endTime":1769611266127.5586,"status":"passed","message":"","name":"C:/Users/Patrick/invokers/test/advanced-events-toast.test.ts"},{"assertionResults":[{"ancestorTitles":["Advanced Events","enableAdvancedEvents()"],"fullName":"Advanced Events enableAdvancedEvents() should enable interpolation in InvokerManager","status":"passed","title":"should enable interpolation in InvokerManager","duration":43.02379999999994,"failureMessages":[],"meta":{}},{"ancestorTitles":["Advanced Events","enableAdvancedEvents()"],"fullName":"Advanced Events enableAdvancedEvents() should register interpolation utility on window","status":"passed","title":"should register interpolation utility on window","duration":19.120899999999892,"failureMessages":[],"meta":{}},{"ancestorTitles":["Advanced Events","command-on attribute"],"fullName":"Advanced Events command-on attribute should trigger command on click event","status":"passed","title":"should trigger command on click event","duration":63.550500000000284,"failureMessages":[],"meta":{}},{"ancestorTitles":["Advanced Events","command-on attribute"],"fullName":"Advanced Events command-on attribute should interpolate dynamic data","status":"passed","title":"should interpolate dynamic data","duration":37.815599999999904,"failureMessages":[],"meta":{}},{"ancestorTitles":["Advanced Events","command-on attribute"],"fullName":"Advanced Events command-on attribute should handle event modifiers","status":"passed","title":"should handle event modifiers","duration":23.2545999999993,"failureMessages":[],"meta":{}},{"ancestorTitles":["Advanced Events","command-on attribute"],"fullName":"Advanced Events command-on attribute should respect the once modifier","status":"passed","title":"should respect the once modifier","duration":26.35530000000017,"failureMessages":[],"meta":{}},{"ancestorTitles":["Advanced Events","command-on attribute"],"fullName":"Advanced Events command-on attribute should respect key-specific modifiers","status":"passed","title":"should respect key-specific modifiers","duration":31.009900000000016,"failureMessages":[],"meta":{}},{"ancestorTitles":["Advanced Events","command-on attribute"],"fullName":"Advanced Events command-on attribute should stop propagation with stop modifier","status":"passed","title":"should stop propagation with stop modifier","duration":25.03819999999996,"failureMessages":[],"meta":{}},{"ancestorTitles":["Advanced Events","command-on attribute"],"fullName":"Advanced Events command-on attribute should attach listeners on window when window modifier is set","status":"passed","title":"should attach listeners on window when window modifier is set","duration":33.04749999999967,"failureMessages":[],"meta":{}},{"ancestorTitles":["Advanced Events","command-on attribute"],"fullName":"Advanced Events command-on attribute should execute comma-chained commands on command-on","status":"passed","title":"should execute comma-chained commands on command-on","duration":23.197299999999814,"failureMessages":[],"meta":{}},{"ancestorTitles":["Advanced Events","command-on attribute"],"fullName":"Advanced Events command-on attribute should ignore command-on elements missing command attribute","status":"passed","title":"should ignore command-on elements missing command attribute","duration":15.23279999999977,"failureMessages":[],"meta":{}},{"ancestorTitles":["Advanced Events","command-on attribute"],"fullName":"Advanced Events command-on attribute should ignore command-on when no targets resolve","status":"passed","title":"should ignore command-on when no targets resolve","duration":17.095099999999547,"failureMessages":[],"meta":{}},{"ancestorTitles":["Advanced Events","command-on attribute"],"fullName":"Advanced Events command-on attribute should attach listeners when command-on is added after initialization","status":"passed","title":"should attach listeners when command-on is added after initialization","duration":24.99369999999999,"failureMessages":[],"meta":{}},{"ancestorTitles":["Advanced Events","command-on attribute"],"fullName":"Advanced Events command-on attribute should detach listeners when command-on is removed","status":"passed","title":"should detach listeners when command-on is removed","duration":12.981600000000071,"failureMessages":[],"meta":{}},{"ancestorTitles":["Advanced Events","data-on-event attribute"],"fullName":"Advanced Events data-on-event attribute should listen for custom events","status":"passed","title":"should listen for custom events","duration":12.121799999999894,"failureMessages":[],"meta":{}},{"ancestorTitles":["Advanced Events","data-on-event attribute"],"fullName":"Advanced Events data-on-event attribute should disambiguate command-on and data-on-event commands","status":"passed","title":"should disambiguate command-on and data-on-event commands","duration":49.17230000000018,"failureMessages":[],"meta":{}},{"ancestorTitles":["Advanced Events","data-on-event attribute"],"fullName":"Advanced Events data-on-event attribute should prioritize command attribute over data-on-event-command","status":"passed","title":"should prioritize command attribute over data-on-event-command","duration":21.107600000000275,"failureMessages":[],"meta":{}},{"ancestorTitles":["Advanced Events","data-on-event attribute"],"fullName":"Advanced Events data-on-event attribute should use data-on-event-commandfor when commandfor is missing","status":"passed","title":"should use data-on-event-commandfor when commandfor is missing","duration":85.26009999999951,"failureMessages":[],"meta":{}},{"ancestorTitles":["Advanced Events","data-on-event attribute"],"fullName":"Advanced Events data-on-event attribute should ignore data-on-event elements missing commandfor","status":"passed","title":"should ignore data-on-event elements missing commandfor","duration":15.343899999999849,"failureMessages":[],"meta":{}},{"ancestorTitles":["Advanced Events","data-on-event attribute"],"fullName":"Advanced Events data-on-event attribute should ignore data-on-event elements missing command","status":"passed","title":"should ignore data-on-event elements missing command","duration":28.034499999999753,"failureMessages":[],"meta":{}},{"ancestorTitles":["Advanced Events","data-on-event attribute"],"fullName":"Advanced Events data-on-event attribute should interpolate event detail data","status":"passed","title":"should interpolate event detail data","duration":45.921400000000176,"failureMessages":[],"meta":{}},{"ancestorTitles":["Advanced Events","deduplication"],"fullName":"Advanced Events deduplication should not double-execute when command-on click overlaps polyfill click","status":"passed","title":"should not double-execute when command-on click overlaps polyfill click","duration":14.818099999999504,"failureMessages":[],"meta":{}},{"ancestorTitles":["Advanced Events","deduplication"],"fullName":"Advanced Events deduplication should not double-execute when command-on and data-on-event share the same event","status":"passed","title":"should not double-execute when command-on and data-on-event share the same event","duration":30.51890000000003,"failureMessages":[],"meta":{}},{"ancestorTitles":["Advanced Events","deduplication"],"fullName":"Advanced Events deduplication should avoid data-on-event command when it matches command-on click","status":"passed","title":"should avoid data-on-event command when it matches command-on click","duration":15.635800000000017,"failureMessages":[],"meta":{}},{"ancestorTitles":["Advanced Events","deduplication"],"fullName":"Advanced Events deduplication should allow built-in toggle via command-on without double toggling","status":"passed","title":"should allow built-in toggle via command-on without double toggling","duration":30.77220000000034,"failureMessages":[],"meta":{}},{"ancestorTitles":["Advanced Events","deduplication"],"fullName":"Advanced Events deduplication should not double-toggle custom --toggle on command-on click","status":"passed","title":"should not double-toggle custom --toggle on command-on click","duration":15.106999999999971,"failureMessages":[],"meta":{}},{"ancestorTitles":["Advanced Events","listener updates"],"fullName":"Advanced Events listener updates should rebind command-on when the event type changes","status":"passed","title":"should rebind command-on when the event type changes","duration":23.325200000000223,"failureMessages":[],"meta":{}},{"ancestorTitles":["Advanced Events","listener updates"],"fullName":"Advanced Events listener updates should rebind data-on-event when the event type changes","status":"passed","title":"should rebind data-on-event when the event type changes","duration":17.224699999999757,"failureMessages":[],"meta":{}},{"ancestorTitles":["Advanced Events","multi-target selectors"],"fullName":"Advanced Events multi-target selectors should toggle all targets once for a selector-based commandfor","status":"passed","title":"should toggle all targets once for a selector-based commandfor","duration":38.21109999999953,"failureMessages":[],"meta":{}},{"ancestorTitles":["Advanced Events","shadow DOM"],"fullName":"Advanced Events shadow DOM should handle command-on inside a shadow root with contextual targets","status":"passed","title":"should handle command-on inside a shadow root with contextual targets","duration":18.239700000000084,"failureMessages":[],"meta":{}},{"ancestorTitles":["Advanced Events","interpolation"],"fullName":"Advanced Events interpolation should safely interpolate context variables","status":"passed","title":"should safely interpolate context variables","duration":9.114999999999782,"failureMessages":[],"meta":{}},{"ancestorTitles":["Advanced Events","interpolation"],"fullName":"Advanced Events interpolation should handle undefined/null values safely","status":"passed","title":"should handle undefined/null values safely","duration":9.107100000000173,"failureMessages":[],"meta":{}},{"ancestorTitles":["Advanced Events","interpolation"],"fullName":"Advanced Events interpolation should handle nested object access","status":"passed","title":"should handle nested object access","duration":9.280300000000352,"failureMessages":[],"meta":{}},{"ancestorTitles":["Advanced Events","interpolation"],"fullName":"Advanced Events interpolation should interpolate templates in --dom:swap command","status":"passed","title":"should interpolate templates in --dom:swap command","duration":30.103299999999763,"failureMessages":[],"meta":{}},{"ancestorTitles":["Advanced Events","--emit command"],"fullName":"Advanced Events --emit command should emit custom events with JSON detail and update target via commandfor","status":"passed","title":"should emit custom events with JSON detail and update target via commandfor","duration":29.915399999999863,"failureMessages":[],"meta":{}},{"ancestorTitles":["Advanced Events","tree-shaking"],"fullName":"Advanced Events tree-shaking should not include advanced event code when enableAdvancedEvents is not called","status":"passed","title":"should not include advanced event code when enableAdvancedEvents is not called","duration":27.95719999999983,"failureMessages":[],"meta":{}}],"startTime":1769611257465,"endTime":1769611258441.9573,"status":"passed","message":"","name":"C:/Users/Patrick/invokers/test/advanced-events.test.ts"},{"assertionResults":[{"ancestorTitles":["Advanced Integration Commands (--text, --attr, --dom)","Basic Command Integration"],"fullName":"Advanced Integration Commands (--text, --attr, --dom) Basic Command Integration should combine --value and --attr commands for form state management","status":"passed","title":"should combine --value and --attr commands for form state management","duration":58.99279999999999,"failureMessages":[],"meta":{}},{"ancestorTitles":["Advanced Integration Commands (--text, --attr, --dom)","Basic Command Integration"],"fullName":"Advanced Integration Commands (--text, --attr, --dom) Basic Command Integration should use --dom commands for basic element manipulation","status":"passed","title":"should use --dom commands for basic element manipulation","duration":90.63659999999982,"failureMessages":[],"meta":{}},{"ancestorTitles":["Advanced Integration Commands (--text, --attr, --dom)","Command Chaining and State Management"],"fullName":"Advanced Integration Commands (--text, --attr, --dom) Command Chaining and State Management should demonstrate command chaining with <and-then> elements","status":"passed","title":"should demonstrate command chaining with <and-then> elements","duration":29.715299999999843,"failureMessages":[],"meta":{}},{"ancestorTitles":["Advanced Integration Commands (--text, --attr, --dom)","Command Chaining and State Management"],"fullName":"Advanced Integration Commands (--text, --attr, --dom) Command Chaining and State Management should handle conditional command execution","status":"passed","title":"should handle conditional command execution","duration":18.191499999999905,"failureMessages":[],"meta":{}},{"ancestorTitles":["Advanced Integration Commands (--text, --attr, --dom)","Template-based Content Management"],"fullName":"Advanced Integration Commands (--text, --attr, --dom) Template-based Content Management should append a single todo item per button click","status":"passed","title":"should append a single todo item per button click","duration":46.14940000000024,"failureMessages":[],"meta":{}},{"ancestorTitles":["Advanced Integration Commands (--text, --attr, --dom)","Template-based Content Management"],"fullName":"Advanced Integration Commands (--text, --attr, --dom) Template-based Content Management should work with simple templates for content creation","status":"passed","title":"should work with simple templates for content creation","duration":33.58150000000023,"failureMessages":[],"meta":{}},{"ancestorTitles":["Advanced Integration Commands (--text, --attr, --dom)","Template-based Content Management"],"fullName":"Advanced Integration Commands (--text, --attr, --dom) Template-based Content Management should handle multiple template instances with unique IDs","status":"passed","title":"should handle multiple template instances with unique IDs","duration":46.43130000000019,"failureMessages":[],"meta":{}},{"ancestorTitles":["Advanced Integration Commands (--text, --attr, --dom)","Error Handling and Edge Cases"],"fullName":"Advanced Integration Commands (--text, --attr, --dom) Error Handling and Edge Cases should handle missing targets gracefully","status":"passed","title":"should handle missing targets gracefully","duration":25.342599999999948,"failureMessages":[],"meta":{}},{"ancestorTitles":["Advanced Integration Commands (--text, --attr, --dom)","Error Handling and Edge Cases"],"fullName":"Advanced Integration Commands (--text, --attr, --dom) Error Handling and Edge Cases should handle invalid command parameters","status":"passed","title":"should handle invalid command parameters","duration":7.9724999999998545,"failureMessages":[],"meta":{}},{"ancestorTitles":["Advanced Integration Commands (--text, --attr, --dom)","Error Handling and Edge Cases"],"fullName":"Advanced Integration Commands (--text, --attr, --dom) Error Handling and Edge Cases should work with multiple targets","status":"passed","title":"should work with multiple targets","duration":14.584200000000237,"failureMessages":[],"meta":{}},{"ancestorTitles":["Advanced Integration Commands (--text, --attr, --dom)","Dynamic Values and Interpolation"],"fullName":"Advanced Integration Commands (--text, --attr, --dom) Dynamic Values and Interpolation should use dynamic values from invoker data attributes","status":"passed","title":"should use dynamic values from invoker data attributes","duration":12.308800000000701,"failureMessages":[],"meta":{}},{"ancestorTitles":["Advanced Integration Commands (--text, --attr, --dom)","Dynamic Values and Interpolation"],"fullName":"Advanced Integration Commands (--text, --attr, --dom) Dynamic Values and Interpolation should interpolate values from data attributes","status":"passed","title":"should interpolate values from data attributes","duration":16.682999999999993,"failureMessages":[],"meta":{}},{"ancestorTitles":["Advanced Integration Commands (--text, --attr, --dom)","Dynamic Values and Interpolation"],"fullName":"Advanced Integration Commands (--text, --attr, --dom) Dynamic Values and Interpolation should use data-context for complex interpolation","status":"passed","title":"should use data-context for complex interpolation","duration":16.05279999999948,"failureMessages":[],"meta":{}},{"ancestorTitles":["Advanced Integration Commands (--text, --attr, --dom)","Dynamic Values and Interpolation"],"fullName":"Advanced Integration Commands (--text, --attr, --dom) Dynamic Values and Interpolation should support event detail interpolation (requires full event system)","status":"passed","title":"should support event detail interpolation (requires full event system)","duration":10.058500000000095,"failureMessages":[],"meta":{}},{"ancestorTitles":["Advanced Integration Commands (--text, --attr, --dom)","Advanced Selectors"],"fullName":"Advanced Integration Commands (--text, --attr, --dom) Advanced Selectors should work with @closest selector","status":"passed","title":"should work with @closest selector","duration":27.896300000000338,"failureMessages":[],"meta":{}},{"ancestorTitles":["Advanced Integration Commands (--text, --attr, --dom)","Advanced Selectors"],"fullName":"Advanced Integration Commands (--text, --attr, --dom) Advanced Selectors should work with @child selector","status":"passed","title":"should work with @child selector","duration":25.14940000000024,"failureMessages":[],"meta":{}},{"ancestorTitles":["Advanced Integration Commands (--text, --attr, --dom)","Advanced Selectors"],"fullName":"Advanced Integration Commands (--text, --attr, --dom) Advanced Selectors should work with @children selector for multiple targets","status":"passed","title":"should work with @children selector for multiple targets","duration":35.923399999999674,"failureMessages":[],"meta":{}},{"ancestorTitles":["Advanced Integration Commands (--text, --attr, --dom)","Advanced Selectors"],"fullName":"Advanced Integration Commands (--text, --attr, --dom) Advanced Selectors should work with dynamic CSS selectors","status":"passed","title":"should work with dynamic CSS selectors","duration":23.092800000000352,"failureMessages":[],"meta":{}},{"ancestorTitles":["Advanced Integration Commands (--text, --attr, --dom)","Complex Integration Scenarios"],"fullName":"Advanced Integration Commands (--text, --attr, --dom) Complex Integration Scenarios should combine interpolation and dynamic selectors","status":"passed","title":"should combine interpolation and dynamic selectors","duration":22.783900000000358,"failureMessages":[],"meta":{}},{"ancestorTitles":["Advanced Integration Commands (--text, --attr, --dom)","Complex Integration Scenarios"],"fullName":"Advanced Integration Commands (--text, --attr, --dom) Complex Integration Scenarios should handle template processing with data","status":"passed","title":"should handle template processing with data","duration":18.98370000000068,"failureMessages":[],"meta":{}},{"ancestorTitles":["Advanced Integration Commands (--text, --attr, --dom)","URL Navigation Integration","Hash Navigation"],"fullName":"Advanced Integration Commands (--text, --attr, --dom) URL Navigation Integration Hash Navigation should set hash to static value","status":"passed","title":"should set hash to static value","duration":17.340100000000348,"failureMessages":[],"meta":{}},{"ancestorTitles":["Advanced Integration Commands (--text, --attr, --dom)","URL Navigation Integration","Hash Navigation"],"fullName":"Advanced Integration Commands (--text, --attr, --dom) URL Navigation Integration Hash Navigation should set hash from input element","status":"passed","title":"should set hash from input element","duration":6.087899999999536,"failureMessages":[],"meta":{}},{"ancestorTitles":["Advanced Integration Commands (--text, --attr, --dom)","URL Navigation Integration","Hash Navigation"],"fullName":"Advanced Integration Commands (--text, --attr, --dom) URL Navigation Integration Hash Navigation should get current hash and display it","status":"passed","title":"should get current hash and display it","duration":5.796800000000076,"failureMessages":[],"meta":{}},{"ancestorTitles":["Advanced Integration Commands (--text, --attr, --dom)","URL Navigation Integration","Hash Navigation"],"fullName":"Advanced Integration Commands (--text, --attr, --dom) URL Navigation Integration Hash Navigation should clear hash","status":"passed","title":"should clear hash","duration":14.047099999999773,"failureMessages":[],"meta":{}},{"ancestorTitles":["Advanced Integration Commands (--text, --attr, --dom)","URL Navigation Integration","Hash Navigation"],"fullName":"Advanced Integration Commands (--text, --attr, --dom) URL Navigation Integration Hash Navigation should handle hash with # prefix","status":"passed","title":"should handle hash with # prefix","duration":5.779500000000553,"failureMessages":[],"meta":{}},{"ancestorTitles":["Advanced Integration Commands (--text, --attr, --dom)","URL Navigation Integration","Pathname Navigation"],"fullName":"Advanced Integration Commands (--text, --attr, --dom) URL Navigation Integration Pathname Navigation should set pathname to static value","status":"passed","title":"should set pathname to static value","duration":13.331900000000132,"failureMessages":[],"meta":{}},{"ancestorTitles":["Advanced Integration Commands (--text, --attr, --dom)","URL Navigation Integration","Pathname Navigation"],"fullName":"Advanced Integration Commands (--text, --attr, --dom) URL Navigation Integration Pathname Navigation should set pathname from input element","status":"passed","title":"should set pathname from input element","duration":8.036299999999756,"failureMessages":[],"meta":{}},{"ancestorTitles":["Advanced Integration Commands (--text, --attr, --dom)","URL Navigation Integration","Pathname Navigation"],"fullName":"Advanced Integration Commands (--text, --attr, --dom) URL Navigation Integration Pathname Navigation should get current pathname and display it","status":"passed","title":"should get current pathname and display it","duration":9.537600000000566,"failureMessages":[],"meta":{}},{"ancestorTitles":["Advanced Integration Commands (--text, --attr, --dom)","URL Navigation Integration","Pathname Navigation"],"fullName":"Advanced Integration Commands (--text, --attr, --dom) URL Navigation Integration Pathname Navigation should handle pathname without leading slash","status":"passed","title":"should handle pathname without leading slash","duration":9.355400000000373,"failureMessages":[],"meta":{}},{"ancestorTitles":["Advanced Integration Commands (--text, --attr, --dom)","URL Navigation Integration","Complete Hash Navigation Demo"],"fullName":"Advanced Integration Commands (--text, --attr, --dom) URL Navigation Integration Complete Hash Navigation Demo should replicate the hash navigation demo functionality","status":"passed","title":"should replicate the hash navigation demo functionality","duration":28.650400000000445,"failureMessages":[],"meta":{}},{"ancestorTitles":["Advanced Integration Commands (--text, --attr, --dom)","URL Navigation Integration","Complete Pathname Navigation Demo"],"fullName":"Advanced Integration Commands (--text, --attr, --dom) URL Navigation Integration Complete Pathname Navigation Demo should replicate the pathname navigation demo functionality","status":"passed","title":"should replicate the pathname navigation demo functionality","duration":19.45969999999943,"failureMessages":[],"meta":{}},{"ancestorTitles":["Advanced Integration Commands (--text, --attr, --dom)","New DOM Integration Commands","--dom:swap-visual command"],"fullName":"Advanced Integration Commands (--text, --attr, --dom) New DOM Integration Commands --dom:swap-visual command should visually swap two elements with animation","status":"passed","title":"should visually swap two elements with animation","duration":17.50579999999991,"failureMessages":[],"meta":{}},{"ancestorTitles":["Advanced Integration Commands (--text, --attr, --dom)","New DOM Integration Commands","--dom:swap-visual command"],"fullName":"Advanced Integration Commands (--text, --attr, --dom) New DOM Integration Commands --dom:swap-visual command should not swap when data-swap-with is missing","status":"passed","title":"should not swap when data-swap-with is missing","duration":45.95170000000053,"failureMessages":[],"meta":{}},{"ancestorTitles":["Advanced Integration Commands (--text, --attr, --dom)","New DOM Integration Commands","--dom:swap-visual command"],"fullName":"Advanced Integration Commands (--text, --attr, --dom) New DOM Integration Commands --dom:swap-visual command should not swap when swap target does not exist","status":"passed","title":"should not swap when swap target does not exist","duration":9.599099999999453,"failureMessages":[],"meta":{}},{"ancestorTitles":["Advanced Integration Commands (--text, --attr, --dom)","New DOM Integration Commands","--dom:update-keyed command"],"fullName":"Advanced Integration Commands (--text, --attr, --dom) New DOM Integration Commands --dom:update-keyed command should update list with keyed updates","status":"passed","title":"should update list with keyed updates","duration":29.107899999999972,"failureMessages":[],"meta":{}},{"ancestorTitles":["Advanced Integration Commands (--text, --attr, --dom)","New DOM Integration Commands","--dom:update-keyed command"],"fullName":"Advanced Integration Commands (--text, --attr, --dom) New DOM Integration Commands --dom:update-keyed command should not update when template is missing","status":"passed","title":"should not update when template is missing","duration":8.318100000000413,"failureMessages":[],"meta":{}},{"ancestorTitles":["Advanced Integration Commands (--text, --attr, --dom)","New DOM Integration Commands","--dom:update-keyed command"],"fullName":"Advanced Integration Commands (--text, --attr, --dom) New DOM Integration Commands --dom:update-keyed command should not update when data source is missing","status":"passed","title":"should not update when data source is missing","duration":7.255699999999706,"failureMessages":[],"meta":{}},{"ancestorTitles":["Advanced Integration Commands (--text, --attr, --dom)","New DOM Integration Commands","--dom:update-keyed command"],"fullName":"Advanced Integration Commands (--text, --attr, --dom) New DOM Integration Commands --dom:update-keyed command should handle empty data array","status":"passed","title":"should handle empty data array","duration":7.376699999999801,"failureMessages":[],"meta":{}}],"startTime":1769611256899,"endTime":1769611257749.3767,"status":"passed","message":"","name":"C:/Users/Patrick/invokers/test/advanced-integration-commands.test.ts"},{"assertionResults":[{"ancestorTitles":["Advanced Templating","Template Processing"],"fullName":"Advanced Templating Template Processing should inject data into template using data-with-json and data-tpl-* attributes","status":"passed","title":"should inject data into template using data-with-json and data-tpl-* attributes","duration":170.12639999999965,"failureMessages":[],"meta":{}},{"ancestorTitles":["Advanced Templating","Template Processing"],"fullName":"Advanced Templating Template Processing should handle {{__uid}} placeholder for unique IDs","status":"passed","title":"should handle {{__uid}} placeholder for unique IDs","duration":122.74850000000015,"failureMessages":[],"meta":{}},{"ancestorTitles":["Advanced Templating","Template Processing"],"fullName":"Advanced Templating Template Processing should interpolate values from invoker context","status":"passed","title":"should interpolate values from invoker context","duration":113.68820000000005,"failureMessages":[],"meta":{}},{"ancestorTitles":["Advanced Templating","Template Processing"],"fullName":"Advanced Templating Template Processing should rewrite @closest selectors to use generated IDs","status":"passed","title":"should rewrite @closest selectors to use generated IDs","duration":126.47809999999981,"failureMessages":[],"meta":{}},{"ancestorTitles":["Advanced Templating","Template Processing"],"fullName":"Advanced Templating Template Processing should handle multiple data-tpl-* attributes","status":"passed","title":"should handle multiple data-tpl-* attributes","duration":120.95399999999972,"failureMessages":[],"meta":{}},{"ancestorTitles":["Advanced Templating","Template Processing"],"fullName":"Advanced Templating Template Processing should gracefully handle invalid JSON in data-with-json","status":"passed","title":"should gracefully handle invalid JSON in data-with-json","duration":122.76559999999972,"failureMessages":[],"meta":{}},{"ancestorTitles":["Advanced Templating","Template Processing"],"fullName":"Advanced Templating Template Processing should work with different DOM commands (prepend, swap, replace)","status":"passed","title":"should work with different DOM commands (prepend, swap, replace)","duration":34.45519999999988,"failureMessages":[],"meta":{}},{"ancestorTitles":["Advanced Templating","Template Processing"],"fullName":"Advanced Templating Template Processing should process data-with-json even when interpolation is disabled","status":"passed","title":"should process data-with-json even when interpolation is disabled","duration":124.94680000000017,"failureMessages":[],"meta":{}}],"startTime":1769611264285,"endTime":1769611265220.9468,"status":"passed","message":"","name":"C:/Users/Patrick/invokers/test/advanced-templating.test.ts"},{"assertionResults":[{"ancestorTitles":["Simple And-Then Elements"],"fullName":"Simple And-Then Elements should execute and-then element after primary command","status":"passed","title":"should execute and-then element after primary command","duration":26.139400000000023,"failureMessages":[],"meta":{}},{"ancestorTitles":["Simple And-Then Elements"],"fullName":"Simple And-Then Elements should handle delay in and-then elements","status":"passed","title":"should handle delay in and-then elements","duration":75.14840000000004,"failureMessages":[],"meta":{}},{"ancestorTitles":["Simple And-Then Elements"],"fullName":"Simple And-Then Elements should remove once elements after execution","status":"passed","title":"should remove once elements after execution","duration":11.52639999999974,"failureMessages":[],"meta":{}}],"startTime":1769611269055,"endTime":1769611269167.5264,"status":"passed","message":"","name":"C:/Users/Patrick/invokers/test/and-then-simple.test.ts"},{"assertionResults":[{"ancestorTitles":["Attribute and Data Commands with Interpolation","Attribute Commands with Interpolation"],"fullName":"Attribute and Data Commands with Interpolation Attribute Commands with Interpolation should interpolate expressions in attr:set values","status":"passed","title":"should interpolate expressions in attr:set values","duration":33.9677999999999,"failureMessages":[],"meta":{}},{"ancestorTitles":["Attribute and Data Commands with Interpolation","Attribute Commands with Interpolation"],"fullName":"Attribute and Data Commands with Interpolation Attribute Commands with Interpolation should interpolate complex expressions in attr:set","status":"passed","title":"should interpolate complex expressions in attr:set","duration":13.434499999999844,"failureMessages":[],"meta":{}},{"ancestorTitles":["Attribute and Data Commands with Interpolation","Attribute Commands with Interpolation"],"fullName":"Attribute and Data Commands with Interpolation Attribute Commands with Interpolation should interpolate with this.dataset in attr:set","status":"passed","title":"should interpolate with this.dataset in attr:set","duration":7.5590000000001965,"failureMessages":[],"meta":{}},{"ancestorTitles":["Attribute and Data Commands with Interpolation","Attribute Commands with Interpolation"],"fullName":"Attribute and Data Commands with Interpolation Attribute Commands with Interpolation should handle escaping in attr:set values","status":"passed","title":"should handle escaping in attr:set values","duration":6.306700000000092,"failureMessages":[],"meta":{}},{"ancestorTitles":["Attribute and Data Commands with Interpolation","Attribute Commands with Interpolation"],"fullName":"Attribute and Data Commands with Interpolation Attribute Commands with Interpolation should interpolate in attr:toggle values","status":"passed","title":"should interpolate in attr:toggle values","duration":8.566299999999956,"failureMessages":[],"meta":{}},{"ancestorTitles":["Attribute and Data Commands with Interpolation","Attribute Commands with Interpolation"],"fullName":"Attribute and Data Commands with Interpolation Attribute Commands with Interpolation should handle undefined interpolation gracefully","status":"passed","title":"should handle undefined interpolation gracefully","duration":4.076000000000022,"failureMessages":[],"meta":{}},{"ancestorTitles":["Attribute and Data Commands with Interpolation","Data Commands with Interpolation"],"fullName":"Attribute and Data Commands with Interpolation Data Commands with Interpolation should interpolate expressions in data:set values","status":"passed","title":"should interpolate expressions in data:set values","duration":6.159700000000157,"failureMessages":[],"meta":{}},{"ancestorTitles":["Attribute and Data Commands with Interpolation","Data Commands with Interpolation"],"fullName":"Attribute and Data Commands with Interpolation Data Commands with Interpolation should interpolate with this properties in data:set","status":"passed","title":"should interpolate with this properties in data:set","duration":4.2973000000001775,"failureMessages":[],"meta":{}},{"ancestorTitles":["Attribute and Data Commands with Interpolation","Data Commands with Interpolation"],"fullName":"Attribute and Data Commands with Interpolation Data Commands with Interpolation should handle array operations with interpolation","status":"passed","title":"should handle array operations with interpolation","duration":5.8922999999999774,"failureMessages":[],"meta":{}},{"ancestorTitles":["Attribute and Data Commands with Interpolation","Data Commands with Interpolation"],"fullName":"Attribute and Data Commands with Interpolation Data Commands with Interpolation should interpolate in data:set:array:update","status":"passed","title":"should interpolate in data:set:array:update","duration":4.692399999999907,"failureMessages":[],"meta":{}},{"ancestorTitles":["Attribute and Data Commands with Interpolation","Edge Cases and Escaping"],"fullName":"Attribute and Data Commands with Interpolation Edge Cases and Escaping should handle colons in interpolated strings","status":"passed","title":"should handle colons in interpolated strings","duration":4.0711999999998625,"failureMessages":[],"meta":{}},{"ancestorTitles":["Attribute and Data Commands with Interpolation","Edge Cases and Escaping"],"fullName":"Attribute and Data Commands with Interpolation Edge Cases and Escaping should handle quotes in interpolated strings","status":"passed","title":"should handle quotes in interpolated strings","duration":2.586699999999837,"failureMessages":[],"meta":{}},{"ancestorTitles":["Attribute and Data Commands with Interpolation","Edge Cases and Escaping"],"fullName":"Attribute and Data Commands with Interpolation Edge Cases and Escaping should handle complex nested expressions","status":"passed","title":"should handle complex nested expressions","duration":5.462800000000243,"failureMessages":[],"meta":{}},{"ancestorTitles":["Attribute and Data Commands with Interpolation","Edge Cases and Escaping"],"fullName":"Attribute and Data Commands with Interpolation Edge Cases and Escaping should handle empty interpolation results","status":"passed","title":"should handle empty interpolation results","duration":8.802099999999882,"failureMessages":[],"meta":{}},{"ancestorTitles":["Attribute and Data Commands with Interpolation","Edge Cases and Escaping"],"fullName":"Attribute and Data Commands with Interpolation Edge Cases and Escaping should handle interpolation with special characters","status":"passed","title":"should handle interpolation with special characters","duration":3.8517000000001644,"failureMessages":[],"meta":{}},{"ancestorTitles":["Attribute and Data Commands with Interpolation","Integration with Command Chaining"],"fullName":"Attribute and Data Commands with Interpolation Integration with Command Chaining should work with data-and-then chaining","status":"passed","title":"should work with data-and-then chaining","duration":859.7123999999999,"failureMessages":[],"meta":{}}],"startTime":1769611265187,"endTime":1769611266168.7124,"status":"passed","message":"","name":"C:/Users/Patrick/invokers/test/attribute-interpolation.test.ts"},{"assertionResults":[{"ancestorTitles":["JS Framework Benchmark Integration","Create 1,000 rows operation"],"fullName":"JS Framework Benchmark Integration Create 1,000 rows operation should create 1000 rows with random labels","status":"passed","title":"should create 1000 rows with random labels","duration":5068.4211,"failureMessages":[],"meta":{}},{"ancestorTitles":["JS Framework Benchmark Integration","Create 10,000 rows operation"],"fullName":"JS Framework Benchmark Integration Create 10,000 rows operation should create 10000 rows with random labels","status":"skipped","title":"should create 10000 rows with random labels","failureMessages":[],"meta":{}},{"ancestorTitles":["JS Framework Benchmark Integration","Update every 10th row operation"],"fullName":"JS Framework Benchmark Integration Update every 10th row operation should append \"!!!\" to every 10th row label","status":"skipped","title":"should append \"!!!\" to every 10th row label","failureMessages":[],"meta":{}},{"ancestorTitles":["JS Framework Benchmark Integration","Swap rows operation"],"fullName":"JS Framework Benchmark Integration Swap rows operation should swap the first and last rows","status":"passed","title":"should swap the first and last rows","duration":3540.691700000001,"failureMessages":[],"meta":{}},{"ancestorTitles":["JS Framework Benchmark Integration","Clear operation"],"fullName":"JS Framework Benchmark Integration Clear operation should clear all rows and reset DOM","status":"passed","title":"should clear all rows and reset DOM","duration":422.7326000000012,"failureMessages":[],"meta":{}},{"ancestorTitles":["JS Framework Benchmark Integration","Append 1,000 rows operation"],"fullName":"JS Framework Benchmark Integration Append 1,000 rows operation should append 1000 more rows to existing data","status":"passed","title":"should append 1000 more rows to existing data","duration":6503.586599999999,"failureMessages":[],"meta":{}},{"ancestorTitles":["JS Framework Benchmark Integration","Memory and performance monitoring"],"fullName":"JS Framework Benchmark Integration Memory and performance monitoring should not have memory leaks during operations","status":"passed","title":"should not have memory leaks during operations","duration":164.49139999999898,"failureMessages":[],"meta":{}}],"startTime":1769611256900,"endTime":1769611272601.4915,"status":"passed","message":"","name":"C:/Users/Patrick/invokers/test/benchmark-integration.test.ts"},{"assertionResults":[{"ancestorTitles":["Bind Command Demo Integration Tests","Basic Value Binding"],"fullName":"Bind Command Demo Integration Tests Basic Value Binding should bind input value to output element","status":"passed","title":"should bind input value to output element","duration":57.50430000000006,"failureMessages":[],"meta":{}},{"ancestorTitles":["Bind Command Demo Integration Tests","Basic Value Binding"],"fullName":"Bind Command Demo Integration Tests Basic Value Binding should update binding when input changes","status":"passed","title":"should update binding when input changes","duration":31.856000000000222,"failureMessages":[],"meta":{}},{"ancestorTitles":["Bind Command Demo Integration Tests","Different Property Types"],"fullName":"Bind Command Demo Integration Tests Different Property Types should bind text content","status":"passed","title":"should bind text content","duration":30.246099999999842,"failureMessages":[],"meta":{}},{"ancestorTitles":["Bind Command Demo Integration Tests","Different Property Types"],"fullName":"Bind Command Demo Integration Tests Different Property Types should bind HTML content with sanitization","status":"passed","title":"should bind HTML content with sanitization","duration":35.30699999999979,"failureMessages":[],"meta":{}},{"ancestorTitles":["Bind Command Demo Integration Tests","Attribute and Data Binding"],"fullName":"Bind Command Demo Integration Tests Attribute and Data Binding should bind to data attributes on body","status":"passed","title":"should bind to data attributes on body","duration":48.562099999999646,"failureMessages":[],"meta":{}},{"ancestorTitles":["Bind Command Demo Integration Tests","Attribute and Data Binding"],"fullName":"Bind Command Demo Integration Tests Attribute and Data Binding should add CSS classes dynamically","status":"passed","title":"should add CSS classes dynamically","duration":14.616799999999785,"failureMessages":[],"meta":{}},{"ancestorTitles":["Bind Command Demo Integration Tests","Attribute and Data Binding"],"fullName":"Bind Command Demo Integration Tests Attribute and Data Binding should remove CSS classes","status":"passed","title":"should remove CSS classes","duration":31.36110000000008,"failureMessages":[],"meta":{}},{"ancestorTitles":["Bind Command Demo Integration Tests","Advanced Selectors"],"fullName":"Bind Command Demo Integration Tests Advanced Selectors should bind to closest ancestor","status":"passed","title":"should bind to closest ancestor","duration":35.208700000000135,"failureMessages":[],"meta":{}},{"ancestorTitles":["Bind Command Demo Integration Tests","Advanced Selectors"],"fullName":"Bind Command Demo Integration Tests Advanced Selectors should bind to multiple targets","status":"passed","title":"should bind to multiple targets","duration":14.630400000000009,"failureMessages":[],"meta":{}},{"ancestorTitles":["Bind Command Demo Integration Tests","Command Chaining"],"fullName":"Bind Command Demo Integration Tests Command Chaining should chain bind with class toggle","status":"passed","title":"should chain bind with class toggle","duration":14.68269999999984,"failureMessages":[],"meta":{}},{"ancestorTitles":["Bind Command Demo Integration Tests","Real-World Edit-in-Place Pattern"],"fullName":"Bind Command Demo Integration Tests Real-World Edit-in-Place Pattern should switch to edit mode and populate form fields","status":"passed","title":"should switch to edit mode and populate form fields","duration":145.98619999999983,"failureMessages":[],"meta":{}},{"ancestorTitles":["Bind Command Demo Integration Tests","Real-World Edit-in-Place Pattern"],"fullName":"Bind Command Demo Integration Tests Real-World Edit-in-Place Pattern should save changes and switch back to view mode","status":"passed","title":"should save changes and switch back to view mode","duration":37.18690000000015,"failureMessages":[],"meta":{}},{"ancestorTitles":["Bind Command Demo Integration Tests","Template Interpolation"],"fullName":"Bind Command Demo Integration Tests Template Interpolation should interpolate data attributes in templates","status":"passed","title":"should interpolate data attributes in templates","duration":21.682800000000043,"failureMessages":[],"meta":{}},{"ancestorTitles":["Bind Command Demo Integration Tests","Error Handling"],"fullName":"Bind Command Demo Integration Tests Error Handling should handle invalid bind properties gracefully","status":"passed","title":"should handle invalid bind properties gracefully","duration":6.524199999999837,"failureMessages":[],"meta":{}},{"ancestorTitles":["Bind Command Demo Integration Tests","Error Handling"],"fullName":"Bind Command Demo Integration Tests Error Handling should handle missing target elements gracefully","status":"passed","title":"should handle missing target elements gracefully","duration":10.426400000000285,"failureMessages":[],"meta":{}}],"startTime":1769611260642,"endTime":1769611261181.4265,"status":"passed","message":"","name":"C:/Users/Patrick/invokers/test/bind-command-demo.test.ts"},{"assertionResults":[{"ancestorTitles":["Bind Command with command-on"],"fullName":"Bind Command with command-on binds input value when command-on is on the input","status":"passed","title":"binds input value when command-on is on the input","duration":40.61700000000019,"failureMessages":[],"meta":{}},{"ancestorTitles":["Bind Command with command-on"],"fullName":"Bind Command with command-on binds from invoker input to commandfor output without data-bind-to","status":"passed","title":"binds from invoker input to commandfor output without data-bind-to","duration":15.697599999999966,"failureMessages":[],"meta":{}},{"ancestorTitles":["Bind Command with command-on"],"fullName":"Bind Command with command-on binds when command-on is on a wrapper and commandfor targets a child input","status":"passed","title":"binds when command-on is on a wrapper and commandfor targets a child input","duration":19.220600000000104,"failureMessages":[],"meta":{}}],"startTime":1769611269041,"endTime":1769611269116.2207,"status":"passed","message":"","name":"C:/Users/Patrick/invokers/test/bind-command-on.test.ts"},{"assertionResults":[{"ancestorTitles":["Clean Enhanced Attribute-Based Chaining","Universal Chaining (data-and-then)"],"fullName":"Clean Enhanced Attribute-Based Chaining Universal Chaining (data-and-then) should execute chained command after primary command","status":"passed","title":"should execute chained command after primary command","duration":37.570700000000215,"failureMessages":[],"meta":{}},{"ancestorTitles":["Clean Enhanced Attribute-Based Chaining","Conditional Chaining"],"fullName":"Clean Enhanced Attribute-Based Chaining Conditional Chaining should execute success commands on successful execution","status":"passed","title":"should execute success commands on successful execution","duration":10.071200000000317,"failureMessages":[],"meta":{}},{"ancestorTitles":["Clean Enhanced Attribute-Based Chaining","Conditional Chaining"],"fullName":"Clean Enhanced Attribute-Based Chaining Conditional Chaining should execute error commands on failed execution","status":"passed","title":"should execute error commands on failed execution","duration":8.836700000000292,"failureMessages":[],"meta":{}}],"startTime":1769611269049,"endTime":1769611269106.8367,"status":"passed","message":"","name":"C:/Users/Patrick/invokers/test/clean.test.ts"},{"assertionResults":[{"ancestorTitles":["Compose Commands","composeCommands()"],"fullName":"Compose Commands composeCommands() should create a composite command that executes multiple commands in sequence","status":"passed","title":"should create a composite command that executes multiple commands in sequence","duration":67.92950000000019,"failureMessages":[],"meta":{}},{"ancestorTitles":["Compose Commands","composeCommands()"],"fullName":"Compose Commands composeCommands() should generate a default name when none provided","status":"passed","title":"should generate a default name when none provided","duration":6.117699999999786,"failureMessages":[],"meta":{}},{"ancestorTitles":["Compose Commands","composeCommands()"],"fullName":"Compose Commands composeCommands() should continue executing commands even if one fails when stopOnError is false","status":"passed","title":"should continue executing commands even if one fails when stopOnError is false","duration":51.14060000000018,"failureMessages":[],"meta":{}},{"ancestorTitles":["Compose Commands","composeCommands()"],"fullName":"Compose Commands composeCommands() should stop executing commands when one fails and stopOnError is true","status":"passed","title":"should stop executing commands when one fails and stopOnError is true","duration":20.517399999999725,"failureMessages":[],"meta":{}},{"ancestorTitles":["Compose Commands","composeCommands()"],"fullName":"Compose Commands composeCommands() should return empty string when given invalid input","status":"passed","title":"should return empty string when given invalid input","duration":6.027900000000045,"failureMessages":[],"meta":{}},{"ancestorTitles":["Compose Commands","composeCommands()"],"fullName":"Compose Commands composeCommands() should allow composing with commands that will be registered later","status":"passed","title":"should allow composing with commands that will be registered later","duration":1.9841999999998734,"failureMessages":[],"meta":{}},{"ancestorTitles":["Compose Commands","composeCommands()"],"fullName":"Compose Commands composeCommands() should handle async commands properly","status":"passed","title":"should handle async commands properly","duration":26.159100000000308,"failureMessages":[],"meta":{}}],"startTime":1769611266799,"endTime":1769611266979.1592,"status":"passed","message":"","name":"C:/Users/Patrick/invokers/test/compose-commands.test.ts"},{"assertionResults":[{"ancestorTitles":["Comprehensive Demo Features","Event Handling & Interpolation"],"fullName":"Comprehensive Demo Features Event Handling & Interpolation should have input element with command binding","status":"passed","title":"should have input element with command binding","duration":7.575900000000274,"failureMessages":[],"meta":{}},{"ancestorTitles":["Comprehensive Demo Features","Event Handling & Interpolation"],"fullName":"Comprehensive Demo Features Event Handling & Interpolation should have display element for interpolation","status":"passed","title":"should have display element for interpolation","duration":1.714799999999741,"failureMessages":[],"meta":{}},{"ancestorTitles":["Comprehensive Demo Features","Event Handling & Interpolation"],"fullName":"Comprehensive Demo Features Event Handling & Interpolation should have counter button with proper attributes","status":"passed","title":"should have counter button with proper attributes","duration":6.189300000000003,"failureMessages":[],"meta":{}},{"ancestorTitles":["Comprehensive Demo Features","Event Handling & Interpolation"],"fullName":"Comprehensive Demo Features Event Handling & Interpolation should have counter display element","status":"passed","title":"should have counter display element","duration":1.2912000000001171,"failureMessages":[],"meta":{}},{"ancestorTitles":["Comprehensive Demo Features","Async Operations"],"fullName":"Comprehensive Demo Features Async Operations should have API fetch button with proper attributes","status":"passed","title":"should have API fetch button with proper attributes","duration":13.555299999999988,"failureMessages":[],"meta":{}},{"ancestorTitles":["Comprehensive Demo Features","Async Operations"],"fullName":"Comprehensive Demo Features Async Operations should have error simulation button","status":"passed","title":"should have error simulation button","duration":4.896799999999985,"failureMessages":[],"meta":{}},{"ancestorTitles":["Comprehensive Demo Features","Async Operations"],"fullName":"Comprehensive Demo Features Async Operations should have promise chain button","status":"passed","title":"should have promise chain button","duration":4.143500000000131,"failureMessages":[],"meta":{}},{"ancestorTitles":["Comprehensive Demo Features","Async Operations"],"fullName":"Comprehensive Demo Features Async Operations should have API result display area","status":"passed","title":"should have API result display area","duration":1.7239999999997053,"failureMessages":[],"meta":{}},{"ancestorTitles":["Comprehensive Demo Features","Component Communication"],"fullName":"Comprehensive Demo Features Component Communication should have shared input with data binding","status":"passed","title":"should have shared input with data binding","duration":2.3154999999997017,"failureMessages":[],"meta":{}},{"ancestorTitles":["Comprehensive Demo Features","Component Communication"],"fullName":"Comprehensive Demo Features Component Communication should have multiple component displays","status":"passed","title":"should have multiple component displays","duration":13.020400000000336,"failureMessages":[],"meta":{}},{"ancestorTitles":["Comprehensive Demo Features","Component Communication"],"fullName":"Comprehensive Demo Features Component Communication should have event publishing button","status":"passed","title":"should have event publishing button","duration":4.785000000000309,"failureMessages":[],"meta":{}},{"ancestorTitles":["Comprehensive Demo Features","Library Integration"],"fullName":"Comprehensive Demo Features Library Integration should have Chart.js integration elements","status":"passed","title":"should have Chart.js integration elements","duration":4.383700000000317,"failureMessages":[],"meta":{}},{"ancestorTitles":["Comprehensive Demo Features","Library Integration"],"fullName":"Comprehensive Demo Features Library Integration should have GitHub API integration button","status":"passed","title":"should have GitHub API integration button","duration":4.792500000000018,"failureMessages":[],"meta":{}},{"ancestorTitles":["Comprehensive Demo Features","Advanced Templating"],"fullName":"Comprehensive Demo Features Advanced Templating should have template loading button","status":"passed","title":"should have template loading button","duration":7.417699999999968,"failureMessages":[],"meta":{}},{"ancestorTitles":["Comprehensive Demo Features","Advanced Templating"],"fullName":"Comprehensive Demo Features Advanced Templating should have conditional rendering select","status":"passed","title":"should have conditional rendering select","duration":3.014900000000125,"failureMessages":[],"meta":{}},{"ancestorTitles":["Comprehensive Demo Features","Advanced Templating"],"fullName":"Comprehensive Demo Features Advanced Templating should have template elements defined","status":"passed","title":"should have template elements defined","duration":8.976400000000012,"failureMessages":[],"meta":{}},{"ancestorTitles":["Comprehensive Demo Features","Programmatic Triggering"],"fullName":"Comprehensive Demo Features Programmatic Triggering should have programmatic demo buttons","status":"passed","title":"should have programmatic demo buttons","duration":15.81730000000016,"failureMessages":[],"meta":{}},{"ancestorTitles":["Comprehensive Demo Features","Programmatic Triggering"],"fullName":"Comprehensive Demo Features Programmatic Triggering should have command queuing button","status":"passed","title":"should have command queuing button","duration":5.5172999999999774,"failureMessages":[],"meta":{}},{"ancestorTitles":["Comprehensive Demo Features","Error Handling"],"fullName":"Comprehensive Demo Features Error Handling should have error testing buttons","status":"passed","title":"should have error testing buttons","duration":32.73219999999992,"failureMessages":[],"meta":{}},{"ancestorTitles":["Comprehensive Demo Features","Error Handling"],"fullName":"Comprehensive Demo Features Error Handling should have debug mode toggle","status":"passed","title":"should have debug mode toggle","duration":7.242700000000241,"failureMessages":[],"meta":{}},{"ancestorTitles":["Comprehensive Demo Features","DOM Integration"],"fullName":"Comprehensive Demo Features DOM Integration should have all required DOM elements","status":"passed","title":"should have all required DOM elements","duration":1.2719999999999345,"failureMessages":[],"meta":{}},{"ancestorTitles":["Comprehensive Demo Features","DOM Integration"],"fullName":"Comprehensive Demo Features DOM Integration should have proper CSS styling","status":"passed","title":"should have proper CSS styling","duration":1.2110999999999876,"failureMessages":[],"meta":{}},{"ancestorTitles":["Comprehensive Demo Features","DOM Integration"],"fullName":"Comprehensive Demo Features DOM Integration should have Chart.js script loaded","status":"passed","title":"should have Chart.js script loaded","duration":1.8207000000002154,"failureMessages":[],"meta":{}},{"ancestorTitles":["Comprehensive Demo Features","DOM Integration"],"fullName":"Comprehensive Demo Features DOM Integration should have Invokers library loaded","status":"passed","title":"should have Invokers library loaded","duration":1.2633999999998196,"failureMessages":[],"meta":{}},{"ancestorTitles":["Comprehensive Demo Features","Demo Structure & Features"],"fullName":"Comprehensive Demo Features Demo Structure & Features should have comprehensive feature sections","status":"passed","title":"should have comprehensive feature sections","duration":11.22970000000032,"failureMessages":[],"meta":{}},{"ancestorTitles":["Comprehensive Demo Features","Demo Structure & Features"],"fullName":"Comprehensive Demo Features Demo Structure & Features should have interactive elements throughout","status":"passed","title":"should have interactive elements throughout","duration":10.436200000000099,"failureMessages":[],"meta":{}},{"ancestorTitles":["Comprehensive Demo Features","Demo Structure & Features"],"fullName":"Comprehensive Demo Features Demo Structure & Features should have proper accessibility attributes","status":"passed","title":"should have proper accessibility attributes","duration":2.3998999999998887,"failureMessages":[],"meta":{}},{"ancestorTitles":["Comprehensive Demo Features","Demo Structure & Features"],"fullName":"Comprehensive Demo Features Demo Structure & Features should demonstrate data flow concepts","status":"passed","title":"should demonstrate data flow concepts","duration":2.891399999999976,"failureMessages":[],"meta":{}},{"ancestorTitles":["Comprehensive Demo Features","Functional Tests"],"fullName":"Comprehensive Demo Features Functional Tests should be able to click demo command buttons without errors","status":"passed","title":"should be able to click demo command buttons without errors","duration":115.6609999999996,"failureMessages":[],"meta":{}}],"startTime":1769611262594,"endTime":1769611262896.661,"status":"passed","message":"","name":"C:/Users/Patrick/invokers/test/comprehensive-demo.test.ts"},{"assertionResults":[{"ancestorTitles":["Core Commands","Text Commands"],"fullName":"Core Commands Text Commands should set text content","status":"passed","title":"should set text content","duration":19.17320000000018,"failureMessages":[],"meta":{}},{"ancestorTitles":["Core Commands","Text Commands"],"fullName":"Core Commands Text Commands should append text content","status":"passed","title":"should append text content","duration":8.82529999999997,"failureMessages":[],"meta":{}},{"ancestorTitles":["Core Commands","Text Commands"],"fullName":"Core Commands Text Commands should prepend text content","status":"passed","title":"should prepend text content","duration":6.067600000000311,"failureMessages":[],"meta":{}},{"ancestorTitles":["Core Commands","Text Commands"],"fullName":"Core Commands Text Commands should clear text content","status":"passed","title":"should clear text content","duration":5.157999999999902,"failureMessages":[],"meta":{}},{"ancestorTitles":["Core Commands","Attribute Commands"],"fullName":"Core Commands Attribute Commands should set attributes","status":"passed","title":"should set attributes","duration":5.973100000000159,"failureMessages":[],"meta":{}},{"ancestorTitles":["Core Commands","Attribute Commands"],"fullName":"Core Commands Attribute Commands should remove attributes","status":"passed","title":"should remove attributes","duration":4.906700000000001,"failureMessages":[],"meta":{}},{"ancestorTitles":["Core Commands","Attribute Commands"],"fullName":"Core Commands Attribute Commands should toggle attributes","status":"passed","title":"should toggle attributes","duration":4.415400000000318,"failureMessages":[],"meta":{}},{"ancestorTitles":["Core Commands","Class Commands"],"fullName":"Core Commands Class Commands should add classes","status":"passed","title":"should add classes","duration":6.235400000000027,"failureMessages":[],"meta":{}},{"ancestorTitles":["Core Commands","Class Commands"],"fullName":"Core Commands Class Commands should remove classes","status":"passed","title":"should remove classes","duration":4.494099999999889,"failureMessages":[],"meta":{}},{"ancestorTitles":["Core Commands","Class Commands"],"fullName":"Core Commands Class Commands should toggle classes","status":"passed","title":"should toggle classes","duration":4.986299999999574,"failureMessages":[],"meta":{}},{"ancestorTitles":["Core Commands","Visibility Commands"],"fullName":"Core Commands Visibility Commands should show elements","status":"passed","title":"should show elements","duration":7.1246000000001,"failureMessages":[],"meta":{}},{"ancestorTitles":["Core Commands","Visibility Commands"],"fullName":"Core Commands Visibility Commands should hide elements","status":"passed","title":"should hide elements","duration":3.5569000000000415,"failureMessages":[],"meta":{}},{"ancestorTitles":["Core Commands","Visibility Commands"],"fullName":"Core Commands Visibility Commands should toggle visibility","status":"passed","title":"should toggle visibility","duration":8.567299999999705,"failureMessages":[],"meta":{}},{"ancestorTitles":["Core Commands","Visibility Commands"],"fullName":"Core Commands Visibility Commands should not double-trigger toggle on a single click","status":"passed","title":"should not double-trigger toggle on a single click","duration":42.654399999999896,"failureMessages":[],"meta":{}}],"startTime":1769611266102,"endTime":1769611266235.6543,"status":"passed","message":"","name":"C:/Users/Patrick/invokers/test/core-commands.test.ts"},{"assertionResults":[{"ancestorTitles":["Data Commands","--data:set command"],"fullName":"Data Commands --data:set command should set data attribute on target element","status":"passed","title":"should set data attribute on target element","duration":29.490999999999985,"failureMessages":[],"meta":{}},{"ancestorTitles":["Data Commands","--data:set command"],"fullName":"Data Commands --data:set command should dispatch custom event when data is set","status":"passed","title":"should dispatch custom event when data is set","duration":17.195799999999963,"failureMessages":[],"meta":{}},{"ancestorTitles":["Data Commands","--data:set command"],"fullName":"Data Commands --data:set command should interpolate expressions in data values","status":"passed","title":"should interpolate expressions in data values","duration":21.842599999999948,"failureMessages":[],"meta":{}},{"ancestorTitles":["Data Commands","--data:set command"],"fullName":"Data Commands --data:set command should interpolate with parent element data","status":"passed","title":"should interpolate with parent element data","duration":9.01339999999982,"failureMessages":[],"meta":{}},{"ancestorTitles":["Data Commands","--data:set command"],"fullName":"Data Commands --data:set command should handle data binding with data-bind-to and data-bind-as","status":"passed","title":"should handle data binding with data-bind-to and data-bind-as","duration":7.173999999999978,"failureMessages":[],"meta":{}},{"ancestorTitles":["Data Commands","--data:set command"],"fullName":"Data Commands --data:set command should dispatch events on bound elements","status":"passed","title":"should dispatch events on bound elements","duration":9.318199999999706,"failureMessages":[],"meta":{}},{"ancestorTitles":["Data Commands","--data:set command"],"fullName":"Data Commands --data:set command should interpolate bindTo and bindAs attributes","status":"passed","title":"should interpolate bindTo and bindAs attributes","duration":8.21499999999969,"failureMessages":[],"meta":{}},{"ancestorTitles":["Data Commands","--data:set command"],"fullName":"Data Commands --data:set command should handle different bindAs types","status":"passed","title":"should handle different bindAs types","duration":18.91500000000042,"failureMessages":[],"meta":{}},{"ancestorTitles":["Data Commands","--data:set command"],"fullName":"Data Commands --data:set command should handle attr: bindAs type","status":"passed","title":"should handle attr: bindAs type","duration":7.410799999999654,"failureMessages":[],"meta":{}},{"ancestorTitles":["Data Commands","--data:set command"],"fullName":"Data Commands --data:set command should handle text bindAs type","status":"passed","title":"should handle text bindAs type","duration":11.388400000000274,"failureMessages":[],"meta":{}},{"ancestorTitles":["Data Commands","--data:set command"],"fullName":"Data Commands --data:set command should work with complex selectors in bindTo","status":"passed","title":"should work with complex selectors in bindTo","duration":14.94250000000011,"failureMessages":[],"meta":{}},{"ancestorTitles":["Data Commands","--data:set command"],"fullName":"Data Commands --data:set command should handle missing bind targets gracefully","status":"passed","title":"should handle missing bind targets gracefully","duration":7.002400000000307,"failureMessages":[],"meta":{}},{"ancestorTitles":["Data Commands","--data:set command"],"fullName":"Data Commands --data:set command should handle invalid bindAs gracefully","status":"passed","title":"should handle invalid bindAs gracefully","duration":6.689000000000306,"failureMessages":[],"meta":{}},{"ancestorTitles":["Data Commands","Event dispatching"],"fullName":"Data Commands Event dispatching should dispatch events with correct detail format","status":"passed","title":"should dispatch events with correct detail format","duration":6.184099999999489,"failureMessages":[],"meta":{}},{"ancestorTitles":["Data Commands","Event dispatching"],"fullName":"Data Commands Event dispatching should dispatch events even when binding fails","status":"passed","title":"should dispatch events even when binding fails","duration":4.947900000000118,"failureMessages":[],"meta":{}},{"ancestorTitles":["Data Commands","New Array Commands","--data:generate:array command"],"fullName":"Data Commands New Array Commands --data:generate:array command should generate an array with index pattern","status":"passed","title":"should generate an array with index pattern","duration":5.520199999999932,"failureMessages":[],"meta":{}},{"ancestorTitles":["Data Commands","New Array Commands","--data:generate:array command"],"fullName":"Data Commands New Array Commands --data:generate:array command should generate an array with random pattern","status":"passed","title":"should generate an array with random pattern","duration":5.3926000000001295,"failureMessages":[],"meta":{}},{"ancestorTitles":["Data Commands","New Array Commands","--data:generate:array command"],"fullName":"Data Commands New Array Commands --data:generate:array command should generate an array with object pattern","status":"passed","title":"should generate an array with object pattern","duration":5.848199999999451,"failureMessages":[],"meta":{}},{"ancestorTitles":["Data Commands","New Array Commands","--data:generate:array command"],"fullName":"Data Commands New Array Commands --data:generate:array command should throw error for missing count","status":"passed","title":"should throw error for missing count","duration":5.720599999999649,"failureMessages":[],"meta":{}},{"ancestorTitles":["Data Commands","New Array Commands","--data:index:get command"],"fullName":"Data Commands New Array Commands --data:index:get command should get item at specific index","status":"passed","title":"should get item at specific index","duration":4.777800000000752,"failureMessages":[],"meta":{}},{"ancestorTitles":["Data Commands","New Array Commands","--data:index:get command"],"fullName":"Data Commands New Array Commands --data:index:get command should throw error for out of bounds index","status":"passed","title":"should throw error for out of bounds index","duration":12.048500000000786,"failureMessages":[],"meta":{}},{"ancestorTitles":["Data Commands","New Array Commands","--data:index:set command"],"fullName":"Data Commands New Array Commands --data:index:set command should set item at specific index","status":"passed","title":"should set item at specific index","duration":7.526100000000042,"failureMessages":[],"meta":{}},{"ancestorTitles":["Data Commands","New Array Commands","--data:index:set command"],"fullName":"Data Commands New Array Commands --data:index:set command should throw error for invalid JSON value","status":"passed","title":"should throw error for invalid JSON value","duration":8.322100000000319,"failureMessages":[],"meta":{}},{"ancestorTitles":["Data Commands","New Array Commands","--data:swap command"],"fullName":"Data Commands New Array Commands --data:swap command should swap two items by index","status":"passed","title":"should swap two items by index","duration":6.5809999999992215,"failureMessages":[],"meta":{}},{"ancestorTitles":["Data Commands","New Array Commands","--data:swap command"],"fullName":"Data Commands New Array Commands --data:swap command should throw error for out of bounds indices","status":"passed","title":"should throw error for out of bounds indices","duration":7.8375999999998385,"failureMessages":[],"meta":{}},{"ancestorTitles":["Data Commands","New Array Commands","--data:slice command"],"fullName":"Data Commands New Array Commands --data:slice command should create a slice of the array","status":"passed","title":"should create a slice of the array","duration":4.85780000000068,"failureMessages":[],"meta":{}},{"ancestorTitles":["Data Commands","New Array Commands","--data:slice command"],"fullName":"Data Commands New Array Commands --data:slice command should handle slice without end parameter","status":"passed","title":"should handle slice without end parameter","duration":3.7496000000001004,"failureMessages":[],"meta":{}},{"ancestorTitles":["Data Commands","New Array Commands","--data:find command"],"fullName":"Data Commands New Array Commands --data:find command should find first item matching criteria","status":"passed","title":"should find first item matching criteria","duration":4.591699999999946,"failureMessages":[],"meta":{}},{"ancestorTitles":["Data Commands","New Array Commands","--data:find command"],"fullName":"Data Commands New Array Commands --data:find command should clear result key when item not found","status":"passed","title":"should clear result key when item not found","duration":5.324900000000525,"failureMessages":[],"meta":{}},{"ancestorTitles":["Data Commands","New Array Commands","--data:reverse command"],"fullName":"Data Commands New Array Commands --data:reverse command should reverse the array order","status":"passed","title":"should reverse the array order","duration":4.132300000000214,"failureMessages":[],"meta":{}},{"ancestorTitles":["Data Commands","New Array Commands","--data:concat command"],"fullName":"Data Commands New Array Commands --data:concat command should concatenate multiple arrays","status":"passed","title":"should concatenate multiple arrays","duration":4.01260000000002,"failureMessages":[],"meta":{}},{"ancestorTitles":["Data Commands","New Array Commands","--data:concat command"],"fullName":"Data Commands New Array Commands --data:concat command should handle missing arrays gracefully","status":"passed","title":"should handle missing arrays gracefully","duration":3.4032999999999447,"failureMessages":[],"meta":{}},{"ancestorTitles":["Data Commands","New Array Commands","--data:clear command"],"fullName":"Data Commands New Array Commands --data:clear command should clear the array","status":"passed","title":"should clear the array","duration":3.579800000000432,"failureMessages":[],"meta":{}}],"startTime":1769611256828,"endTime":1769611257116.5798,"status":"passed","message":"","name":"C:/Users/Patrick/invokers/test/data-commands.test.ts"},{"assertionResults":[{"ancestorTitles":["Device Commands","--device:vibrate command"],"fullName":"Device Commands --device:vibrate command should vibrate with single duration","status":"passed","title":"should vibrate with single duration","duration":55.60750000000007,"failureMessages":[],"meta":{}},{"ancestorTitles":["Device Commands","--device:vibrate command"],"fullName":"Device Commands --device:vibrate command should vibrate with pattern","status":"passed","title":"should vibrate with pattern","duration":18.68640000000005,"failureMessages":[],"meta":{}},{"ancestorTitles":["Device Commands","--device:vibrate command"],"fullName":"Device Commands --device:vibrate command should handle unsupported vibration API","status":"passed","title":"should handle unsupported vibration API","duration":30.025899999999638,"failureMessages":[],"meta":{}},{"ancestorTitles":["Device Commands","--device:vibrate command"],"fullName":"Device Commands --device:vibrate command should throw error for missing pattern","status":"passed","title":"should throw error for missing pattern","duration":31.846799999999803,"failureMessages":[],"meta":{}},{"ancestorTitles":["Device Commands","--device:share command"],"fullName":"Device Commands --device:share command should share content successfully","status":"passed","title":"should share content successfully","duration":15.275899999999638,"failureMessages":[],"meta":{}},{"ancestorTitles":["Device Commands","--device:share command"],"fullName":"Device Commands --device:share command should handle share cancellation","status":"passed","title":"should handle share cancellation","duration":26.715400000000045,"failureMessages":[],"meta":{}},{"ancestorTitles":["Device Commands","--device:share command"],"fullName":"Device Commands --device:share command should handle unsupported share API","status":"passed","title":"should handle unsupported share API","duration":7.784799999999905,"failureMessages":[],"meta":{}},{"a
[...]
ta":{}},{"ancestorTitles":["WebSocket and Server-Sent Events Commands","--websocket:connect"],"fullName":"WebSocket and Server-Sent Events Commands --websocket:connect should clean up existing connection before creating new one","status":"passed","title":"should clean up existing connection before creating new one","duration":37.94869999999992,"failureMessages":[],"meta":{}},{"ancestorTitles":["WebSocket and Server-Sent Events Commands","--websocket:disconnect"],"fullName":"WebSocket and Server-Sent Events Commands --websocket:disconnect should close WebSocket connection","status":"passed","title":"should close WebSocket connection","duration":4.898999999999887,"failureMessages":[],"meta":{}},{"ancestorTitles":["WebSocket and Server-Sent Events Commands","--websocket:disconnect"],"fullName":"WebSocket and Server-Sent Events Commands --websocket:disconnect should handle non-existent connection gracefully","status":"passed","title":"should handle non-existent connection gracefully","duration":4.607300000000123,"failureMessages":[],"meta":{}},{"ancestorTitles":["WebSocket and Server-Sent Events Commands","--websocket:send"],"fullName":"WebSocket and Server-Sent Events Commands --websocket:send should send message through WebSocket connection","status":"passed","title":"should send message through WebSocket connection","duration":5.257599999999911,"failureMessages":[],"meta":{}},{"ancestorTitles":["WebSocket and Server-Sent Events Commands","--websocket:send"],"fullName":"WebSocket and Server-Sent Events Commands --websocket:send should send message from button text content","status":"passed","title":"should send message from button text content","duration":5.606700000000274,"failureMessages":[],"meta":{}},{"ancestorTitles":["WebSocket and Server-Sent Events Commands","--websocket:send"],"fullName":"WebSocket and Server-Sent Events Commands --websocket:send should throw error when WebSocket is not connected","status":"passed","title":"should throw error when WebSocket is not connected","duration":4.875499999999647,"failureMessages":[],"meta":{}},{"ancestorTitles":["WebSocket and Server-Sent Events Commands","--websocket:send"],"fullName":"WebSocket and Server-Sent Events Commands --websocket:send should throw error without message","status":"passed","title":"should throw error without message","duration":4.516699999999673,"failureMessages":[],"meta":{}},{"ancestorTitles":["WebSocket and Server-Sent Events Commands","--websocket:send"],"fullName":"WebSocket and Server-Sent Events Commands --websocket:send should stringify JSON objects","status":"passed","title":"should stringify JSON objects","duration":3.9133999999999105,"failureMessages":[],"meta":{}},{"ancestorTitles":["WebSocket and Server-Sent Events Commands","--websocket:status"],"fullName":"WebSocket and Server-Sent Events Commands --websocket:status should show connected status","status":"passed","title":"should show connected status","duration":3.8360999999999876,"failureMessages":[],"meta":{}},{"ancestorTitles":["WebSocket and Server-Sent Events Commands","--websocket:status"],"fullName":"WebSocket and Server-Sent Events Commands --websocket:status should show disconnected status","status":"passed","title":"should show disconnected status","duration":3.5300999999999476,"failureMessages":[],"meta":{}},{"ancestorTitles":["WebSocket and Server-Sent Events Commands","--websocket:status"],"fullName":"WebSocket and Server-Sent Events Commands --websocket:status should show disconnected status when no connection exists","status":"passed","title":"should show disconnected status when no connection exists","duration":3.0255999999999403,"failureMessages":[],"meta":{}},{"ancestorTitles":["WebSocket and Server-Sent Events Commands","--websocket:on:message"],"fullName":"WebSocket and Server-Sent Events Commands --websocket:on:message should set up message handler","status":"passed","title":"should set up message handler","duration":4.365499999999884,"failureMessages":[],"meta":{}},{"ancestorTitles":["WebSocket and Server-Sent Events Commands","--websocket:on:message"],"fullName":"WebSocket and Server-Sent Events Commands --websocket:on:message should throw error without data-message-command","status":"passed","title":"should throw error without data-message-command","duration":3.544999999999618,"failureMessages":[],"meta":{}},{"ancestorTitles":["WebSocket and Server-Sent Events Commands","--sse:connect"],"fullName":"WebSocket and Server-Sent Events Commands --sse:connect should establish SSE connection with valid URL","status":"passed","title":"should establish SSE connection with valid URL","duration":13.296900000000278,"failureMessages":[],"meta":{}},{"ancestorTitles":["WebSocket and Server-Sent Events Commands","--sse:connect"],"fullName":"WebSocket and Server-Sent Events Commands --sse:connect should throw error without data-url","status":"passed","title":"should throw error without data-url","duration":3.5547999999998865,"failureMessages":[],"meta":{}},{"ancestorTitles":["WebSocket and Server-Sent Events Commands","--sse:disconnect"],"fullName":"WebSocket and Server-Sent Events Commands --sse:disconnect should close SSE connection","status":"passed","title":"should close SSE connection","duration":2.9365999999999985,"failureMessages":[],"meta":{}},{"ancestorTitles":["WebSocket and Server-Sent Events Commands","--sse:status"],"fullName":"WebSocket and Server-Sent Events Commands --sse:status should show connected status","status":"passed","title":"should show connected status","duration":4.1093999999993684,"failureMessages":[],"meta":{}},{"ancestorTitles":["WebSocket and Server-Sent Events Commands","--sse:on:message"],"fullName":"WebSocket and Server-Sent Events Commands --sse:on:message should set up message handler","status":"passed","title":"should set up message handler","duration":3.946100000000115,"failureMessages":[],"meta":{}},{"ancestorTitles":["WebSocket and Server-Sent Events Commands","--sse:on:event"],"fullName":"WebSocket and Server-Sent Events Commands --sse:on:event should set up event handler for specific event type","status":"passed","title":"should set up event handler for specific event type","duration":9.1833000000006,"failureMessages":[],"meta":{}},{"ancestorTitles":["WebSocket and Server-Sent Events Commands","--sse:on:event"],"fullName":"WebSocket and Server-Sent Events Commands --sse:on:event should throw error without event type parameter","status":"passed","title":"should throw error without event type parameter","duration":7.327100000000428,"failureMessages":[],"meta":{}},{"ancestorTitles":["WebSocket and Server-Sent Events Commands","Browser Support"],"fullName":"WebSocket and Server-Sent Events Commands Browser Support should throw error when WebSocket is not supported","status":"passed","title":"should throw error when WebSocket is not supported","duration":8.784200000000055,"failureMessages":[],"meta":{}},{"ancestorTitles":["WebSocket and Server-Sent Events Commands","Browser Support"],"fullName":"WebSocket and Server-Sent Events Commands Browser Support should throw error when EventSource is not supported","status":"passed","title":"should throw error when EventSource is not supported","duration":3.7199000000000524,"failureMessages":[],"meta":{}},{"ancestorTitles":["WebSocket and Server-Sent Events Commands","Event Dispatching"],"fullName":"WebSocket and Server-Sent Events Commands Event Dispatching should dispatch websocket:message events","status":"passed","title":"should dispatch websocket:message events","duration":3.4149999999999636,"failureMessages":[],"meta":{}},{"ancestorTitles":["WebSocket and Server-Sent Events Commands","Event Dispatching"],"fullName":"WebSocket and Server-Sent Events Commands Event Dispatching should dispatch sse:message events","status":"passed","title":"should dispatch sse:message events","duration":5.0010999999994965,"failureMessages":[],"meta":{}}],"startTime":1769611256808,"endTime":1769611257017.0012,"status":"passed","message":"","name":"C:/Users/Patrick/invokers/test/websocket-sse-commands.test.ts"},{"assertionResults":[{"ancestorTitles":["Components Module","enableComponents()"],"fullName":"Components Module enableComponents() should enable the components module successfully","status":"passed","title":"should enable the components module successfully","duration":32.14079999999967,"failureMessages":[],"meta":{}},{"ancestorTitles":["Components Module","enableComponents()"],"fullName":"Components Module enableComponents() should not enable twice","status":"passed","title":"should not enable twice","duration":4.119200000000092,"failureMessages":[],"meta":{}},{"ancestorTitles":["Components Module","enableComponents()"],"fullName":"Components Module enableComponents() should work in browser environment","status":"passed","title":"should work in browser environment","duration":4.671499999999924,"failureMessages":[],"meta":{}},{"ancestorTitles":["Components Module","Component Templates"],"fullName":"Components Module Component Templates should parse template elements","status":"passed","title":"should parse template elements","duration":24.935899999999947,"failureMessages":[],"meta":{}},{"ancestorTitles":["Components Module","Component Templates"],"fullName":"Components Module Component Templates should render components with props","status":"passed","title":"should render components with props","duration":19.620200000000295,"failureMessages":[],"meta":{}},{"ancestorTitles":["Components Module","Scoped Styles"],"fullName":"Components Module Scoped Styles should process scoped styles","status":"passed","title":"should process scoped styles","duration":23.75109999999995,"failureMessages":[],"meta":{}},{"ancestorTitles":["Components Module","Scoped Styles"],"fullName":"Components Module Scoped Styles should scope CSS selectors","status":"passed","title":"should scope CSS selectors","duration":22.828500000000076,"failureMessages":[],"meta":{}},{"ancestorTitles":["Components Module","Slots"],"fullName":"Components Module Slots should handle default slots","status":"passed","title":"should handle default slots","duration":26.591499999999996,"failureMessages":[],"meta":{}},{"ancestorTitles":["Components Module","Slots"],"fullName":"Components Module Slots should handle named slots","status":"passed","title":"should handle named slots","duration":37.78269999999975,"failureMessages":[],"meta":{}},{"ancestorTitles":["Components Module","Component Events"],"fullName":"Components Module Component Events should handle component event bindings","status":"passed","title":"should handle component event bindings","duration":10.907000000000153,"failureMessages":[],"meta":{}},{"ancestorTitles":["Components Module","Dynamic Components"],"fullName":"Components Module Dynamic Components should handle dynamically added templates","status":"passed","title":"should handle dynamically added templates","duration":16.68100000000004,"failureMessages":[],"meta":{}},{"ancestorTitles":["Components Module","Dynamic Components"],"fullName":"Components Module Dynamic Components should handle dynamically added scoped styles","status":"passed","title":"should handle dynamically added scoped styles","duration":10.070799999999963,"failureMessages":[],"meta":{}},{"ancestorTitles":["Components Module","Error Handling"],"fullName":"Components Module Error Handling should handle missing templates gracefully","status":"passed","title":"should handle missing templates gracefully","duration":4.78630000000021,"failureMessages":[],"meta":{}},{"ancestorTitles":["Components Module","Error Handling"],"fullName":"Components Module Error Handling should handle malformed templates gracefully","status":"passed","title":"should handle malformed templates gracefully","duration":5.769800000000032,"failureMessages":[],"meta":{}},{"ancestorTitles":["Components Module","Performance"],"fullName":"Components Module Performance should handle many templates efficiently","status":"passed","title":"should handle many templates efficiently","duration":51.86889999999994,"failureMessages":[],"meta":{}},{"ancestorTitles":["Components Module","Integration"],"fullName":"Components Module Integration should work with Invoker commands","status":"passed","title":"should work with Invoker commands","duration":12.376600000000053,"failureMessages":[],"meta":{}}],"startTime":1769611263046,"endTime":1769611263356.3767,"status":"passed","message":"","name":"C:/Users/Patrick/invokers/test/power-packs/components.test.ts"},{"assertionResults":[{"ancestorTitles":["Enhanced Control Module","Loop Constructs","data-for-each"],"fullName":"Enhanced Control Module Loop Constructs data-for-each should render items from array","status":"passed","title":"should render items from array","duration":81.01589999999987,"failureMessages":[],"meta":{}},{"ancestorTitles":["Enhanced Control Module","Loop Constructs","data-for-each"],"fullName":"Enhanced Control Module Loop Constructs data-for-each should handle indexed loops","status":"passed","title":"should handle indexed loops","duration":33.885899999999765,"failureMessages":[],"meta":{}},{"ancestorTitles":["Enhanced Control Module","Loop Constructs","data-for-each"],"fullName":"Enhanced Control Module Loop Constructs data-for-each should update when array changes","status":"passed","title":"should update when array changes","duration":94.51920000000064,"failureMessages":[],"meta":{}},{"ancestorTitles":["Enhanced Control Module","Loop Constructs","data-while"],"fullName":"Enhanced Control Module Loop Constructs data-while should render while condition is true","status":"passed","title":"should render while condition is true","duration":18.907999999999447,"failureMessages":[],"meta":{}},{"ancestorTitles":["Enhanced Control Module","Loop Constructs","data-repeat"],"fullName":"Enhanced Control Module Loop Constructs data-repeat should render specified number of times","status":"passed","title":"should render specified number of times","duration":18.304699999999684,"failureMessages":[],"meta":{}},{"ancestorTitles":["Enhanced Control Module","Error Boundaries"],"fullName":"Enhanced Control Module Error Boundaries should handle errors in try blocks","status":"passed","title":"should handle errors in try blocks","duration":37.93539999999939,"failureMessages":[],"meta":{}},{"ancestorTitles":["Enhanced Control Module","Async Control"],"fullName":"Enhanced Control Module Async Control should execute parallel operations","status":"passed","title":"should execute parallel operations","duration":94.4983000000002,"failureMessages":[],"meta":{}},{"ancestorTitles":["Enhanced Control Module","Async Control"],"fullName":"Enhanced Control Module Async Control should execute race condition","status":"passed","title":"should execute race condition","duration":77.26249999999982,"failureMessages":[],"meta":{}}],"startTime":1769611265407,"endTime":1769611265865.2625,"status":"passed","message":"","name":"C:/Users/Patrick/invokers/test/power-packs/control-enhanced.test.ts"},{"assertionResults":[{"ancestorTitles":["Control Power Pack","Conditional Rendering"],"fullName":"Control Power Pack Conditional Rendering should show element when condition is true","status":"passed","title":"should show element when condition is true","duration":96.72789999999986,"failureMessages":[],"meta":{}},{"ancestorTitles":["Control Power Pack","Conditional Rendering"],"fullName":"Control Power Pack Conditional Rendering should hide element when condition is false","status":"passed","title":"should hide element when condition is false","duration":52.32670000000007,"failureMessages":[],"meta":{}},{"ancestorTitles":["Control Power Pack","Conditional Rendering"],"fullName":"Control Power Pack Conditional Rendering should work with data-else","status":"passed","title":"should work with data-else","duration":29.918099999999868,"failureMessages":[],"meta":{}},{"ancestorTitles":["Control Power Pack","Conditional Rendering"],"fullName":"Control Power Pack Conditional Rendering should update when state changes","status":"passed","title":"should update when state changes","duration":47.04390000000012,"failureMessages":[],"meta":{}},{"ancestorTitles":["Control Power Pack","Switch/Case Rendering"],"fullName":"Control Power Pack Switch/Case Rendering should show matching case","status":"passed","title":"should show matching case","duration":23.68190000000004,"failureMessages":[],"meta":{}},{"ancestorTitles":["Control Power Pack","Switch/Case Rendering"],"fullName":"Control Power Pack Switch/Case Rendering should show default case when no match","status":"passed","title":"should show default case when no match","duration":35.65249999999969,"failureMessages":[],"meta":{}},{"ancestorTitles":["Control Power Pack","Switch/Case Rendering"],"fullName":"Control Power Pack Switch/Case Rendering should update when switch value changes","status":"passed","title":"should update when switch value changes","duration":48.69399999999996,"failureMessages":[],"meta":{}},{"ancestorTitles":["Control Power Pack","Promise Chaining"],"fullName":"Control Power Pack Promise Chaining should execute command chains with promises","status":"passed","title":"should execute command chains with promises","duration":4.976700000000164,"failureMessages":[],"meta":{}}],"startTime":1769611267284,"endTime":1769611267624.9768,"status":"passed","message":"","name":"C:/Users/Patrick/invokers/test/power-packs/control.test.ts"},{"assertionResults":[{"ancestorTitles":["State Power Pack","State Store"],"fullName":"State Power Pack State Store should initialize from JSON script","status":"passed","title":"should initialize from JSON script","duration":46.10480000000007,"failureMessages":[],"meta":{}},{"ancestorTitles":["State Power Pack","State Store"],"fullName":"State Power Pack State Store should set and get values","status":"passed","title":"should set and get values","duration":5.409099999999853,"failureMessages":[],"meta":{}},{"ancestorTitles":["State Power Pack","State Store"],"fullName":"State Power Pack State Store should notify subscribers on changes","status":"passed","title":"should notify subscribers on changes","duration":7.8378999999999905,"failureMessages":[],"meta":{}},{"ancestorTitles":["State Power Pack","State Commands"],"fullName":"State Power Pack State Commands should set state value with --state:set","status":"passed","title":"should set state value with --state:set","duration":36.110699999999724,"failureMessages":[],"meta":{}},{"ancestorTitles":["State Power Pack","State Commands"],"fullName":"State Power Pack State Commands should get state value with --state:get","status":"passed","title":"should get state value with --state:get","duration":14.720400000000154,"failureMessages":[],"meta":{}},{"ancestorTitles":["State Power Pack","State Commands"],"fullName":"State Power Pack State Commands should push to state array with --state:array:push","status":"passed","title":"should push to state array with --state:array:push","duration":11.150099999999838,"failureMessages":[],"meta":{}},{"ancestorTitles":["State Power Pack","Computed Properties"],"fullName":"State Power Pack Computed Properties should update computed property when dependency changes","status":"passed","title":"should update computed property when dependency changes","duration":33.85739999999987,"failureMessages":[],"meta":{}},{"ancestorTitles":["State Power Pack","Data Binding"],"fullName":"State Power Pack Data Binding should bind input to state","status":"passed","title":"should bind input to state","duration":10.163500000000113,"failureMessages":[],"meta":{}},{"ancestorTitles":["State Power Pack","Data Binding"],"fullName":"State Power Pack Data Binding should update input when state changes","status":"passed","title":"should update input when state changes","duration":6.985099999999875,"failureMessages":[],"meta":{}}],"startTime":1769611268382,"endTime":1769611268555.985,"status":"passed","message":"","name":"C:/Users/Patrick/invokers/test/power-packs/state.test.ts"}]}